CRITICAL - 2022-05-31 10:50:41 --> The uploaded file has already been moved.
#0 C:\xampp\htdocs\tokoku\system\HTTP\Files\UploadedFile.php(133): CodeIgniter\HTTP\Exceptions\HTTPException::forAlreadyMoved()
#1 C:\xampp\htdocs\tokoku\app\Controllers\Admin_Products.php(131): CodeIgniter\HTTP\Files\UploadedFile->move('C:\\xampp\\htdocs...')
#2 C:\xampp\htdocs\tokoku\system\CodeIgniter.php(832): App\Controllers\Admin_Products->add_product()
#3 C:\xampp\htdocs\tokoku\system\CodeIgniter.php(419): CodeIgniter\CodeIgniter->runController(Object(App\Controllers\Admin_Products))
#4 C:\xampp\htdocs\tokoku\system\CodeIgniter.php(326): CodeIgniter\CodeIgniter->handleRequest(NULL, Object(Config\Cache), false)
#5 C:\xampp\htdocs\tokoku\public\index.php(37): CodeIgniter\CodeIgniter->run()
#6 C:\xampp\htdocs\tokoku\system\Commands\Server\rewrite.php(43): require_once('C:\\xampp\\htdocs...')
#7 {main}
CRITICAL - 2022-05-31 11:10:25 --> Call to undefined method CodeIgniter\Session\Session::flashdata()
#0 C:\xampp\htdocs\tokoku\system\CodeIgniter.php(832): App\Controllers\Admin_Products->view('17')
#1 C:\xampp\htdocs\tokoku\system\CodeIgniter.php(419): CodeIgniter\CodeIgniter->runController(Object(App\Controllers\Admin_Products))
#2 C:\xampp\htdocs\tokoku\system\CodeIgniter.php(326): CodeIgniter\CodeIgniter->handleRequest(NULL, Object(Config\Cache), false)
#3 C:\xampp\htdocs\tokoku\public\index.php(37): CodeIgniter\CodeIgniter->run()
#4 C:\xampp\htdocs\tokoku\system\Commands\Server\rewrite.php(43): require_once('C:\\xampp\\htdocs...')
#5 {main}
ERROR - 2022-05-31 11:12:16 --> Table 'db_tokoku.customers' doesn't exist
CRITICAL - 2022-05-31 11:12:16 --> Table 'db_tokoku.customers' doesn't exist
#0 C:\xampp\htdocs\tokoku\system\Database\MySQLi\Connection.php(292): mysqli->query('\n            SE...', 0)
#1 C:\xampp\htdocs\tokoku\system\Database\BaseConnection.php(670): CodeIgniter\Database\MySQLi\Connection->execute('\n            SE...')
#2 C:\xampp\htdocs\tokoku\system\Database\BaseConnection.php(598): CodeIgniter\Database\BaseConnection->simpleQuery('\n            SE...')
#3 C:\xampp\htdocs\tokoku\app\Models\Admin\Order_model.php(117): CodeIgniter\Database\BaseConnection->query('\n            SE...')
#4 C:\xampp\htdocs\tokoku\app\Controllers\Admin_Products.php(298): App\Models\Admin\Order_model->product_ordered('15')
#5 C:\xampp\htdocs\tokoku\system\CodeIgniter.php(832): App\Controllers\Admin_Products->view('15')
#6 C:\xampp\htdocs\tokoku\system\CodeIgniter.php(419): CodeIgniter\CodeIgniter->runController(Object(App\Controllers\Admin_Products))
#7 C:\xampp\htdocs\tokoku\system\CodeIgniter.php(326): CodeIgniter\CodeIgniter->handleRequest(NULL, Object(Config\Cache), false)
#8 C:\xampp\htdocs\tokoku\public\index.php(37): CodeIgniter\CodeIgniter->run()
#9 C:\xampp\htdocs\tokoku\system\Commands\Server\rewrite.php(43): require_once('C:\\xampp\\htdocs...')
#10 {main}
CRITICAL - 2022-05-31 11:13:59 --> Undefined variable $flash
#0 C:\xampp\htdocs\tokoku\app\Views\admin\products\view.php(34): CodeIgniter\Debug\Exceptions->errorHandler(2, 'Undefined varia...', 'C:\\xampp\\htdocs...', 34)
#1 C:\xampp\htdocs\tokoku\system\View\View.php(210): include('C:\\xampp\\htdocs...')
#2 C:\xampp\htdocs\tokoku\system\View\View.php(213): CodeIgniter\View\View->CodeIgniter\View\{closure}()
#3 C:\xampp\htdocs\tokoku\system\Common.php(1089): CodeIgniter\View\View->render('admin/products/...', Array, true)
#4 C:\xampp\htdocs\tokoku\app\Controllers\Admin_Products.php(300): view('admin/products/...', Array)
#5 C:\xampp\htdocs\tokoku\system\CodeIgniter.php(832): App\Controllers\Admin_Products->view('15')
#6 C:\xampp\htdocs\tokoku\system\CodeIgniter.php(419): CodeIgniter\CodeIgniter->runController(Object(App\Controllers\Admin_Products))
#7 C:\xampp\htdocs\tokoku\system\CodeIgniter.php(326): CodeIgniter\CodeIgniter->handleRequest(NULL, Object(Config\Cache), false)
#8 C:\xampp\htdocs\tokoku\public\index.php(37): CodeIgniter\CodeIgniter->run()
#9 C:\xampp\htdocs\tokoku\system\Commands\Server\rewrite.php(43): require_once('C:\\xampp\\htdocs...')
#10 {main}
CRITICAL - 2022-05-31 11:15:45 --> Call to undefined method CodeIgniter\Session\Session::flashdata()
#0 C:\xampp\htdocs\tokoku\system\CodeIgniter.php(832): App\Controllers\Admin_Products->edit('18')
#1 C:\xampp\htdocs\tokoku\system\CodeIgniter.php(419): CodeIgniter\CodeIgniter->runController(Object(App\Controllers\Admin_Products))
#2 C:\xampp\htdocs\tokoku\system\CodeIgniter.php(326): CodeIgniter\CodeIgniter->handleRequest(NULL, Object(Config\Cache), false)
#3 C:\xampp\htdocs\tokoku\public\index.php(37): CodeIgniter\CodeIgniter->run()
#4 C:\xampp\htdocs\tokoku\system\Commands\Server\rewrite.php(43): require_once('C:\\xampp\\htdocs...')
#5 {main}
CRITICAL - 2022-05-31 11:16:24 --> Call to undefined function form_error()
#0 C:\xampp\htdocs\tokoku\system\View\View.php(210): include()
#1 C:\xampp\htdocs\tokoku\system\View\View.php(213): CodeIgniter\View\View->CodeIgniter\View\{closure}()
#2 C:\xampp\htdocs\tokoku\system\Common.php(1089): CodeIgniter\View\View->render('admin/products/...', Array, true)
#3 C:\xampp\htdocs\tokoku\app\Controllers\Admin_Products.php(175): view('admin/products/...', Array)
#4 C:\xampp\htdocs\tokoku\system\CodeIgniter.php(832): App\Controllers\Admin_Products->edit('18')
#5 C:\xampp\htdocs\tokoku\system\CodeIgniter.php(419): CodeIgniter\CodeIgniter->runController(Object(App\Controllers\Admin_Products))
#6 C:\xampp\htdocs\tokoku\system\CodeIgniter.php(326): CodeIgniter\CodeIgniter->handleRequest(NULL, Object(Config\Cache), false)
#7 C:\xampp\htdocs\tokoku\public\index.php(37): CodeIgniter\CodeIgniter->run()
#8 C:\xampp\htdocs\tokoku\system\Commands\Server\rewrite.php(43): require_once('C:\\xampp\\htdocs...')
#9 {main}
CRITICAL - 2022-05-31 11:18:07 --> Undefined variable $validation
#0 C:\xampp\htdocs\tokoku\app\Views\admin\products\edit_product.php(116): CodeIgniter\Debug\Exceptions->errorHandler(2, 'Undefined varia...', 'C:\\xampp\\htdocs...', 116)
#1 C:\xampp\htdocs\tokoku\system\View\View.php(210): include('C:\\xampp\\htdocs...')
#2 C:\xampp\htdocs\tokoku\system\View\View.php(213): CodeIgniter\View\View->CodeIgniter\View\{closure}()
#3 C:\xampp\htdocs\tokoku\system\Common.php(1089): CodeIgniter\View\View->render('admin/products/...', Array, true)
#4 C:\xampp\htdocs\tokoku\app\Controllers\Admin_Products.php(175): view('admin/products/...', Array)
#5 C:\xampp\htdocs\tokoku\system\CodeIgniter.php(832): App\Controllers\Admin_Products->edit('18')
#6 C:\xampp\htdocs\tokoku\system\CodeIgniter.php(419): CodeIgniter\CodeIgniter->runController(Object(App\Controllers\Admin_Products))
#7 C:\xampp\htdocs\tokoku\system\CodeIgniter.php(326): CodeIgniter\CodeIgniter->handleRequest(NULL, Object(Config\Cache), false)
#8 C:\xampp\htdocs\tokoku\public\index.php(37): CodeIgniter\CodeIgniter->run()
#9 C:\xampp\htdocs\tokoku\system\Commands\Server\rewrite.php(43): require_once('C:\\xampp\\htdocs...')
#10 {main}
CRITICAL - 2022-05-31 11:33:43 --> Call to undefined method CodeIgniter\Session\Session::set_flashdata()
#0 C:\xampp\htdocs\tokoku\system\CodeIgniter.php(832): App\Controllers\Admin_Products->edit_product()
#1 C:\xampp\htdocs\tokoku\system\CodeIgniter.php(419): CodeIgniter\CodeIgniter->runController(Object(App\Controllers\Admin_Products))
#2 C:\xampp\htdocs\tokoku\system\CodeIgniter.php(326): CodeIgniter\CodeIgniter->handleRequest(NULL, Object(Config\Cache), false)
#3 C:\xampp\htdocs\tokoku\public\index.php(37): CodeIgniter\CodeIgniter->run()
#4 C:\xampp\htdocs\tokoku\system\Commands\Server\rewrite.php(43): require_once('C:\\xampp\\htdocs...')
#5 {main}
CRITICAL - 2022-05-31 12:04:48 --> unlink(./assets/uploads/products/): Is a directory
#0 [internal function]: CodeIgniter\Debug\Exceptions->errorHandler(2, 'unlink(./assets...', 'C:\\xampp\\htdocs...', 225)
#1 C:\xampp\htdocs\tokoku\app\Controllers\Admin_Products.php(225): unlink('./assets/upload...')
#2 C:\xampp\htdocs\tokoku\system\CodeIgniter.php(832): App\Controllers\Admin_Products->edit_product()
#3 C:\xampp\htdocs\tokoku\system\CodeIgniter.php(419): CodeIgniter\CodeIgniter->runController(Object(App\Controllers\Admin_Products))
#4 C:\xampp\htdocs\tokoku\system\CodeIgniter.php(326): CodeIgniter\CodeIgniter->handleRequest(NULL, Object(Config\Cache), false)
#5 C:\xampp\htdocs\tokoku\public\index.php(37): CodeIgniter\CodeIgniter->run()
#6 C:\xampp\htdocs\tokoku\system\Commands\Server\rewrite.php(43): require_once('C:\\xampp\\htdocs...')
#7 {main}
CRITICAL - 2022-05-31 12:05:54 --> unlink(./assets/uploads/products/): Is a directory
#0 [internal function]: CodeIgniter\Debug\Exceptions->errorHandler(2, 'unlink(./assets...', 'C:\\xampp\\htdocs...', 225)
#1 C:\xampp\htdocs\tokoku\app\Controllers\Admin_Products.php(225): unlink('./assets/upload...')
#2 C:\xampp\htdocs\tokoku\system\CodeIgniter.php(832): App\Controllers\Admin_Products->edit_product()
#3 C:\xampp\htdocs\tokoku\system\CodeIgniter.php(419): CodeIgniter\CodeIgniter->runController(Object(App\Controllers\Admin_Products))
#4 C:\xampp\htdocs\tokoku\system\CodeIgniter.php(326): CodeIgniter\CodeIgniter->handleRequest(NULL, Object(Config\Cache), false)
#5 C:\xampp\htdocs\tokoku\public\index.php(37): CodeIgniter\CodeIgniter->run()
#6 C:\xampp\htdocs\tokoku\system\Commands\Server\rewrite.php(43): require_once('C:\\xampp\\htdocs...')
#7 {main}
CRITICAL - 2022-05-31 12:15:37 --> Cannot use object of type stdClass as array
#0 C:\xampp\htdocs\tokoku\system\View\View.php(210): include()
#1 C:\xampp\htdocs\tokoku\system\View\View.php(213): CodeIgniter\View\View->CodeIgniter\View\{closure}()
#2 C:\xampp\htdocs\tokoku\system\Common.php(1089): CodeIgniter\View\View->render('admin/products/...', Array, true)
#3 C:\xampp\htdocs\tokoku\app\Controllers\Admin_Products.php(301): view('admin/products/...', Array)
#4 C:\xampp\htdocs\tokoku\system\CodeIgniter.php(832): App\Controllers\Admin_Products->view('18')
#5 C:\xampp\htdocs\tokoku\system\CodeIgniter.php(419): CodeIgniter\CodeIgniter->runController(Object(App\Controllers\Admin_Products))
#6 C:\xampp\htdocs\tokoku\system\CodeIgniter.php(326): CodeIgniter\CodeIgniter->handleRequest(NULL, Object(Config\Cache), false)
#7 C:\xampp\htdocs\tokoku\public\index.php(37): CodeIgniter\CodeIgniter->run()
#8 C:\xampp\htdocs\tokoku\system\Commands\Server\rewrite.php(43): require_once('C:\\xampp\\htdocs...')
#9 {main}
CRITICAL - 2022-05-31 12:32:59 --> Undefined property: App\Controllers\Admin_Orders::$input
#0 C:\xampp\htdocs\tokoku\app\Controllers\Admin_Orders.php(20): CodeIgniter\Debug\Exceptions->errorHandler(2, 'Undefined prope...', 'C:\\xampp\\htdocs...', 20)
#1 C:\xampp\htdocs\tokoku\system\CodeIgniter.php(832): App\Controllers\Admin_Orders->index()
#2 C:\xampp\htdocs\tokoku\system\CodeIgniter.php(419): CodeIgniter\CodeIgniter->runController(Object(App\Controllers\Admin_Orders))
#3 C:\xampp\htdocs\tokoku\system\CodeIgniter.php(326): CodeIgniter\CodeIgniter->handleRequest(NULL, Object(Config\Cache), false)
#4 C:\xampp\htdocs\tokoku\public\index.php(37): CodeIgniter\CodeIgniter->run()
#5 C:\xampp\htdocs\tokoku\system\Commands\Server\rewrite.php(43): require_once('C:\\xampp\\htdocs...')
#6 {main}
CRITICAL - 2022-05-31 12:33:34 --> Undefined property: App\Controllers\Admin_Orders::$input
#0 C:\xampp\htdocs\tokoku\app\Controllers\Admin_Orders.php(20): CodeIgniter\Debug\Exceptions->errorHandler(2, 'Undefined prope...', 'C:\\xampp\\htdocs...', 20)
#1 C:\xampp\htdocs\tokoku\system\CodeIgniter.php(832): App\Controllers\Admin_Orders->index()
#2 C:\xampp\htdocs\tokoku\system\CodeIgniter.php(419): CodeIgniter\CodeIgniter->runController(Object(App\Controllers\Admin_Orders))
#3 C:\xampp\htdocs\tokoku\system\CodeIgniter.php(326): CodeIgniter\CodeIgniter->handleRequest(NULL, Object(Config\Cache), false)
#4 C:\xampp\htdocs\tokoku\public\index.php(37): CodeIgniter\CodeIgniter->run()
#5 C:\xampp\htdocs\tokoku\system\Commands\Server\rewrite.php(43): require_once('C:\\xampp\\htdocs...')
#6 {main}
CRITICAL - 2022-05-31 12:34:08 --> count(): Argument #1 ($value) must be of type Countable|array, null given
#0 C:\xampp\htdocs\tokoku\system\View\View.php(210): include()
#1 C:\xampp\htdocs\tokoku\system\View\View.php(213): CodeIgniter\View\View->CodeIgniter\View\{closure}()
#2 C:\xampp\htdocs\tokoku\system\Common.php(1089): CodeIgniter\View\View->render('admin/orders/or...', Array, true)
#3 C:\xampp\htdocs\tokoku\app\Controllers\Admin_Orders.php(29): view('admin/orders/or...', Array)
#4 C:\xampp\htdocs\tokoku\system\CodeIgniter.php(832): App\Controllers\Admin_Orders->index()
#5 C:\xampp\htdocs\tokoku\system\CodeIgniter.php(419): CodeIgniter\CodeIgniter->runController(Object(App\Controllers\Admin_Orders))
#6 C:\xampp\htdocs\tokoku\system\CodeIgniter.php(326): CodeIgniter\CodeIgniter->handleRequest(NULL, Object(Config\Cache), false)
#7 C:\xampp\htdocs\tokoku\public\index.php(37): CodeIgniter\CodeIgniter->run()
#8 C:\xampp\htdocs\tokoku\system\Commands\Server\rewrite.php(43): require_once('C:\\xampp\\htdocs...')
#9 {main}
CRITICAL - 2022-05-31 12:35:27 --> count(): Argument #1 ($value) must be of type Countable|array, null given
#0 C:\xampp\htdocs\tokoku\system\View\View.php(210): include()
#1 C:\xampp\htdocs\tokoku\system\View\View.php(213): CodeIgniter\View\View->CodeIgniter\View\{closure}()
#2 C:\xampp\htdocs\tokoku\system\Common.php(1089): CodeIgniter\View\View->render('admin/orders/or...', Array, true)
#3 C:\xampp\htdocs\tokoku\app\Controllers\Admin_Orders.php(32): view('admin/orders/or...', Array)
#4 C:\xampp\htdocs\tokoku\system\CodeIgniter.php(832): App\Controllers\Admin_Orders->index()
#5 C:\xampp\htdocs\tokoku\system\CodeIgniter.php(419): CodeIgniter\CodeIgniter->runController(Object(App\Controllers\Admin_Orders))
#6 C:\xampp\htdocs\tokoku\system\CodeIgniter.php(326): CodeIgniter\CodeIgniter->handleRequest(NULL, Object(Config\Cache), false)
#7 C:\xampp\htdocs\tokoku\public\index.php(37): CodeIgniter\CodeIgniter->run()
#8 C:\xampp\htdocs\tokoku\system\Commands\Server\rewrite.php(43): require_once('C:\\xampp\\htdocs...')
#9 {main}
CRITICAL - 2022-05-31 12:35:28 --> count(): Argument #1 ($value) must be of type Countable|array, null given
#0 C:\xampp\htdocs\tokoku\system\View\View.php(210): include()
#1 C:\xampp\htdocs\tokoku\system\View\View.php(213): CodeIgniter\View\View->CodeIgniter\View\{closure}()
#2 C:\xampp\htdocs\tokoku\system\Common.php(1089): CodeIgniter\View\View->render('admin/orders/or...', Array, true)
#3 C:\xampp\htdocs\tokoku\app\Controllers\Admin_Orders.php(32): view('admin/orders/or...', Array)
#4 C:\xampp\htdocs\tokoku\system\CodeIgniter.php(832): App\Controllers\Admin_Orders->index()
#5 C:\xampp\htdocs\tokoku\system\CodeIgniter.php(419): CodeIgniter\CodeIgniter->runController(Object(App\Controllers\Admin_Orders))
#6 C:\xampp\htdocs\tokoku\system\CodeIgniter.php(326): CodeIgniter\CodeIgniter->handleRequest(NULL, Object(Config\Cache), false)
#7 C:\xampp\htdocs\tokoku\public\index.php(37): CodeIgniter\CodeIgniter->run()
#8 C:\xampp\htdocs\tokoku\system\Commands\Server\rewrite.php(43): require_once('C:\\xampp\\htdocs...')
#9 {main}
CRITICAL - 2022-05-31 12:35:28 --> count(): Argument #1 ($value) must be of type Countable|array, null given
#0 C:\xampp\htdocs\tokoku\system\View\View.php(210): include()
#1 C:\xampp\htdocs\tokoku\system\View\View.php(213): CodeIgniter\View\View->CodeIgniter\View\{closure}()
#2 C:\xampp\htdocs\tokoku\system\Common.php(1089): CodeIgniter\View\View->render('admin/orders/or...', Array, true)
#3 C:\xampp\htdocs\tokoku\app\Controllers\Admin_Orders.php(32): view('admin/orders/or...', Array)
#4 C:\xampp\htdocs\tokoku\system\CodeIgniter.php(832): App\Controllers\Admin_Orders->index()
#5 C:\xampp\htdocs\tokoku\system\CodeIgniter.php(419): CodeIgniter\CodeIgniter->runController(Object(App\Controllers\Admin_Orders))
#6 C:\xampp\htdocs\tokoku\system\CodeIgniter.php(326): CodeIgniter\CodeIgniter->handleRequest(NULL, Object(Config\Cache), false)
#7 C:\xampp\htdocs\tokoku\public\index.php(37): CodeIgniter\CodeIgniter->run()
#8 C:\xampp\htdocs\tokoku\system\Commands\Server\rewrite.php(43): require_once('C:\\xampp\\htdocs...')
#9 {main}
CRITICAL - 2022-05-31 12:35:28 --> count(): Argument #1 ($value) must be of type Countable|array, null given
#0 C:\xampp\htdocs\tokoku\system\View\View.php(210): include()
#1 C:\xampp\htdocs\tokoku\system\View\View.php(213): CodeIgniter\View\View->CodeIgniter\View\{closure}()
#2 C:\xampp\htdocs\tokoku\system\Common.php(1089): CodeIgniter\View\View->render('admin/orders/or...', Array, true)
#3 C:\xampp\htdocs\tokoku\app\Controllers\Admin_Orders.php(32): view('admin/orders/or...', Array)
#4 C:\xampp\htdocs\tokoku\system\CodeIgniter.php(832): App\Controllers\Admin_Orders->index()
#5 C:\xampp\htdocs\tokoku\system\CodeIgniter.php(419): CodeIgniter\CodeIgniter->runController(Object(App\Controllers\Admin_Orders))
#6 C:\xampp\htdocs\tokoku\system\CodeIgniter.php(326): CodeIgniter\CodeIgniter->handleRequest(NULL, Object(Config\Cache), false)
#7 C:\xampp\htdocs\tokoku\public\index.php(37): CodeIgniter\CodeIgniter->run()
#8 C:\xampp\htdocs\tokoku\system\Commands\Server\rewrite.php(43): require_once('C:\\xampp\\htdocs...')
#9 {main}
CRITICAL - 2022-05-31 12:35:28 --> count(): Argument #1 ($value) must be of type Countable|array, null given
#0 C:\xampp\htdocs\tokoku\system\View\View.php(210): include()
#1 C:\xampp\htdocs\tokoku\system\View\View.php(213): CodeIgniter\View\View->CodeIgniter\View\{closure}()
#2 C:\xampp\htdocs\tokoku\system\Common.php(1089): CodeIgniter\View\View->render('admin/orders/or...', Array, true)
#3 C:\xampp\htdocs\tokoku\app\Controllers\Admin_Orders.php(32): view('admin/orders/or...', Array)
#4 C:\xampp\htdocs\tokoku\system\CodeIgniter.php(832): App\Controllers\Admin_Orders->index()
#5 C:\xampp\htdocs\tokoku\system\CodeIgniter.php(419): CodeIgniter\CodeIgniter->runController(Object(App\Controllers\Admin_Orders))
#6 C:\xampp\htdocs\tokoku\system\CodeIgniter.php(326): CodeIgniter\CodeIgniter->handleRequest(NULL, Object(Config\Cache), false)
#7 C:\xampp\htdocs\tokoku\public\index.php(37): CodeIgniter\CodeIgniter->run()
#8 C:\xampp\htdocs\tokoku\system\Commands\Server\rewrite.php(43): require_once('C:\\xampp\\htdocs...')
#9 {main}
CRITICAL - 2022-05-31 12:37:09 --> Attempt to read property "id" on array
#0 C:\xampp\htdocs\tokoku\app\Views\admin\orders\orders.php(53): CodeIgniter\Debug\Exceptions->errorHandler(2, 'Attempt to read...', 'C:\\xampp\\htdocs...', 53)
#1 C:\xampp\htdocs\tokoku\system\View\View.php(210): include('C:\\xampp\\htdocs...')
#2 C:\xampp\htdocs\tokoku\system\View\View.php(213): CodeIgniter\View\View->CodeIgniter\View\{closure}()
#3 C:\xampp\htdocs\tokoku\system\Common.php(1089): CodeIgniter\View\View->render('admin/orders/or...', Array, true)
#4 C:\xampp\htdocs\tokoku\app\Controllers\Admin_Orders.php(32): view('admin/orders/or...', Array)
#5 C:\xampp\htdocs\tokoku\system\CodeIgniter.php(832): App\Controllers\Admin_Orders->index()
#6 C:\xampp\htdocs\tokoku\system\CodeIgniter.php(419): CodeIgniter\CodeIgniter->runController(Object(App\Controllers\Admin_Orders))
#7 C:\xampp\htdocs\tokoku\system\CodeIgniter.php(326): CodeIgniter\CodeIgniter->handleRequest(NULL, Object(Config\Cache), false)
#8 C:\xampp\htdocs\tokoku\public\index.php(37): CodeIgniter\CodeIgniter->run()
#9 C:\xampp\htdocs\tokoku\system\Commands\Server\rewrite.php(43): require_once('C:\\xampp\\htdocs...')
#10 {main}
CRITICAL - 2022-05-31 12:38:25 --> Attempt to read property "id" on array
#0 C:\xampp\htdocs\tokoku\app\Views\admin\orders\orders.php(53): CodeIgniter\Debug\Exceptions->errorHandler(2, 'Attempt to read...', 'C:\\xampp\\htdocs...', 53)
#1 C:\xampp\htdocs\tokoku\system\View\View.php(210): include('C:\\xampp\\htdocs...')
#2 C:\xampp\htdocs\tokoku\system\View\View.php(213): CodeIgniter\View\View->CodeIgniter\View\{closure}()
#3 C:\xampp\htdocs\tokoku\system\Common.php(1089): CodeIgniter\View\View->render('admin/orders/or...', Array, true)
#4 C:\xampp\htdocs\tokoku\app\Controllers\Admin_Orders.php(32): view('admin/orders/or...', Array)
#5 C:\xampp\htdocs\tokoku\system\CodeIgniter.php(832): App\Controllers\Admin_Orders->index()
#6 C:\xampp\htdocs\tokoku\system\CodeIgniter.php(419): CodeIgniter\CodeIgniter->runController(Object(App\Controllers\Admin_Orders))
#7 C:\xampp\htdocs\tokoku\system\CodeIgniter.php(326): CodeIgniter\CodeIgniter->handleRequest(NULL, Object(Config\Cache), false)
#8 C:\xampp\htdocs\tokoku\public\index.php(37): CodeIgniter\CodeIgniter->run()
#9 C:\xampp\htdocs\tokoku\system\Commands\Server\rewrite.php(43): require_once('C:\\xampp\\htdocs...')
#10 {main}
CRITICAL - 2022-05-31 12:38:50 --> Attempt to read property "id" on array
#0 C:\xampp\htdocs\tokoku\app\Views\admin\orders\orders.php(53): CodeIgniter\Debug\Exceptions->errorHandler(2, 'Attempt to read...', 'C:\\xampp\\htdocs...', 53)
#1 C:\xampp\htdocs\tokoku\system\View\View.php(210): include('C:\\xampp\\htdocs...')
#2 C:\xampp\htdocs\tokoku\system\View\View.php(213): CodeIgniter\View\View->CodeIgniter\View\{closure}()
#3 C:\xampp\htdocs\tokoku\system\Common.php(1089): CodeIgniter\View\View->render('admin/orders/or...', Array, true)
#4 C:\xampp\htdocs\tokoku\app\Controllers\Admin_Orders.php(32): view('admin/orders/or...', Array)
#5 C:\xampp\htdocs\tokoku\system\CodeIgniter.php(832): App\Controllers\Admin_Orders->index()
#6 C:\xampp\htdocs\tokoku\system\CodeIgniter.php(419): CodeIgniter\CodeIgniter->runController(Object(App\Controllers\Admin_Orders))
#7 C:\xampp\htdocs\tokoku\system\CodeIgniter.php(326): CodeIgniter\CodeIgniter->handleRequest(NULL, Object(Config\Cache), false)
#8 C:\xampp\htdocs\tokoku\public\index.php(37): CodeIgniter\CodeIgniter->run()
#9 C:\xampp\htdocs\tokoku\system\Commands\Server\rewrite.php(43): require_once('C:\\xampp\\htdocs...')
#10 {main}
CRITICAL - 2022-05-31 12:39:25 --> Attempt to read property "id" on array
#0 C:\xampp\htdocs\tokoku\app\Views\admin\orders\orders.php(53): CodeIgniter\Debug\Exceptions->errorHandler(2, 'Attempt to read...', 'C:\\xampp\\htdocs...', 53)
#1 C:\xampp\htdocs\tokoku\system\View\View.php(210): include('C:\\xampp\\htdocs...')
#2 C:\xampp\htdocs\tokoku\system\View\View.php(213): CodeIgniter\View\View->CodeIgniter\View\{closure}()
#3 C:\xampp\htdocs\tokoku\system\Common.php(1089): CodeIgniter\View\View->render('admin/orders/or...', Array, true)
#4 C:\xampp\htdocs\tokoku\app\Controllers\Admin_Orders.php(29): view('admin/orders/or...', Array)
#5 C:\xampp\htdocs\tokoku\system\CodeIgniter.php(832): App\Controllers\Admin_Orders->index()
#6 C:\xampp\htdocs\tokoku\system\CodeIgniter.php(419): CodeIgniter\CodeIgniter->runController(Object(App\Controllers\Admin_Orders))
#7 C:\xampp\htdocs\tokoku\system\CodeIgniter.php(326): CodeIgniter\CodeIgniter->handleRequest(NULL, Object(Config\Cache), false)
#8 C:\xampp\htdocs\tokoku\public\index.php(37): CodeIgniter\CodeIgniter->run()
#9 C:\xampp\htdocs\tokoku\system\Commands\Server\rewrite.php(43): require_once('C:\\xampp\\htdocs...')
#10 {main}
CRITICAL - 2022-05-31 12:39:27 --> Attempt to read property "id" on array
#0 C:\xampp\htdocs\tokoku\app\Views\admin\orders\orders.php(53): CodeIgniter\Debug\Exceptions->errorHandler(2, 'Attempt to read...', 'C:\\xampp\\htdocs...', 53)
#1 C:\xampp\htdocs\tokoku\system\View\View.php(210): include('C:\\xampp\\htdocs...')
#2 C:\xampp\htdocs\tokoku\system\View\View.php(213): CodeIgniter\View\View->CodeIgniter\View\{closure}()
#3 C:\xampp\htdocs\tokoku\system\Common.php(1089): CodeIgniter\View\View->render('admin/orders/or...', Array, true)
#4 C:\xampp\htdocs\tokoku\app\Controllers\Admin_Orders.php(29): view('admin/orders/or...', Array)
#5 C:\xampp\htdocs\tokoku\system\CodeIgniter.php(832): App\Controllers\Admin_Orders->index()
#6 C:\xampp\htdocs\tokoku\system\CodeIgniter.php(419): CodeIgniter\CodeIgniter->runController(Object(App\Controllers\Admin_Orders))
#7 C:\xampp\htdocs\tokoku\system\CodeIgniter.php(326): CodeIgniter\CodeIgniter->handleRequest(NULL, Object(Config\Cache), false)
#8 C:\xampp\htdocs\tokoku\public\index.php(37): CodeIgniter\CodeIgniter->run()
#9 C:\xampp\htdocs\tokoku\system\Commands\Server\rewrite.php(43): require_once('C:\\xampp\\htdocs...')
#10 {main}
CRITICAL - 2022-05-31 12:39:27 --> Attempt to read property "id" on array
#0 C:\xampp\htdocs\tokoku\app\Views\admin\orders\orders.php(53): CodeIgniter\Debug\Exceptions->errorHandler(2, 'Attempt to read...', 'C:\\xampp\\htdocs...', 53)
#1 C:\xampp\htdocs\tokoku\system\View\View.php(210): include('C:\\xampp\\htdocs...')
#2 C:\xampp\htdocs\tokoku\system\View\View.php(213): CodeIgniter\View\View->CodeIgniter\View\{closure}()
#3 C:\xampp\htdocs\tokoku\system\Common.php(1089): CodeIgniter\View\View->render('admin/orders/or...', Array, true)
#4 C:\xampp\htdocs\tokoku\app\Controllers\Admin_Orders.php(29): view('admin/orders/or...', Array)
#5 C:\xampp\htdocs\tokoku\system\CodeIgniter.php(832): App\Controllers\Admin_Orders->index()
#6 C:\xampp\htdocs\tokoku\system\CodeIgniter.php(419): CodeIgniter\CodeIgniter->runController(Object(App\Controllers\Admin_Orders))
#7 C:\xampp\htdocs\tokoku\system\CodeIgniter.php(326): CodeIgniter\CodeIgniter->handleRequest(NULL, Object(Config\Cache), false)
#8 C:\xampp\htdocs\tokoku\public\index.php(37): CodeIgniter\CodeIgniter->run()
#9 C:\xampp\htdocs\tokoku\system\Commands\Server\rewrite.php(43): require_once('C:\\xampp\\htdocs...')
#10 {main}
CRITICAL - 2022-05-31 12:39:28 --> Attempt to read property "id" on array
#0 C:\xampp\htdocs\tokoku\app\Views\admin\orders\orders.php(53): CodeIgniter\Debug\Exceptions->errorHandler(2, 'Attempt to read...', 'C:\\xampp\\htdocs...', 53)
#1 C:\xampp\htdocs\tokoku\system\View\View.php(210): include('C:\\xampp\\htdocs...')
#2 C:\xampp\htdocs\tokoku\system\View\View.php(213): CodeIgniter\View\View->CodeIgniter\View\{closure}()
#3 C:\xampp\htdocs\tokoku\system\Common.php(1089): CodeIgniter\View\View->render('admin/orders/or...', Array, true)
#4 C:\xampp\htdocs\tokoku\app\Controllers\Admin_Orders.php(29): view('admin/orders/or...', Array)
#5 C:\xampp\htdocs\tokoku\system\CodeIgniter.php(832): App\Controllers\Admin_Orders->index()
#6 C:\xampp\htdocs\tokoku\system\CodeIgniter.php(419): CodeIgniter\CodeIgniter->runController(Object(App\Controllers\Admin_Orders))
#7 C:\xampp\htdocs\tokoku\system\CodeIgniter.php(326): CodeIgniter\CodeIgniter->handleRequest(NULL, Object(Config\Cache), false)
#8 C:\xampp\htdocs\tokoku\public\index.php(37): CodeIgniter\CodeIgniter->run()
#9 C:\xampp\htdocs\tokoku\system\Commands\Server\rewrite.php(43): require_once('C:\\xampp\\htdocs...')
#10 {main}
CRITICAL - 2022-05-31 12:39:28 --> Attempt to read property "id" on array
#0 C:\xampp\htdocs\tokoku\app\Views\admin\orders\orders.php(53): CodeIgniter\Debug\Exceptions->errorHandler(2, 'Attempt to read...', 'C:\\xampp\\htdocs...', 53)
#1 C:\xampp\htdocs\tokoku\system\View\View.php(210): include('C:\\xampp\\htdocs...')
#2 C:\xampp\htdocs\tokoku\system\View\View.php(213): CodeIgniter\View\View->CodeIgniter\View\{closure}()
#3 C:\xampp\htdocs\tokoku\system\Common.php(1089): CodeIgniter\View\View->render('admin/orders/or...', Array, true)
#4 C:\xampp\htdocs\tokoku\app\Controllers\Admin_Orders.php(29): view('admin/orders/or...', Array)
#5 C:\xampp\htdocs\tokoku\system\CodeIgniter.php(832): App\Controllers\Admin_Orders->index()
#6 C:\xampp\htdocs\tokoku\system\CodeIgniter.php(419): CodeIgniter\CodeIgniter->runController(Object(App\Controllers\Admin_Orders))
#7 C:\xampp\htdocs\tokoku\system\CodeIgniter.php(326): CodeIgniter\CodeIgniter->handleRequest(NULL, Object(Config\Cache), false)
#8 C:\xampp\htdocs\tokoku\public\index.php(37): CodeIgniter\CodeIgniter->run()
#9 C:\xampp\htdocs\tokoku\system\Commands\Server\rewrite.php(43): require_once('C:\\xampp\\htdocs...')
#10 {main}
CRITICAL - 2022-05-31 12:41:19 --> Attempt to read property "id" on array
#0 C:\xampp\htdocs\tokoku\app\Views\admin\orders\orders.php(53): CodeIgniter\Debug\Exceptions->errorHandler(2, 'Attempt to read...', 'C:\\xampp\\htdocs...', 53)
#1 C:\xampp\htdocs\tokoku\system\View\View.php(210): include('C:\\xampp\\htdocs...')
#2 C:\xampp\htdocs\tokoku\system\View\View.php(213): CodeIgniter\View\View->CodeIgniter\View\{closure}()
#3 C:\xampp\htdocs\tokoku\system\Common.php(1089): CodeIgniter\View\View->render('admin/orders/or...', Array, true)
#4 C:\xampp\htdocs\tokoku\app\Controllers\Admin_Orders.php(29): view('admin/orders/or...', Array)
#5 C:\xampp\htdocs\tokoku\system\CodeIgniter.php(832): App\Controllers\Admin_Orders->index()
#6 C:\xampp\htdocs\tokoku\system\CodeIgniter.php(419): CodeIgniter\CodeIgniter->runController(Object(App\Controllers\Admin_Orders))
#7 C:\xampp\htdocs\tokoku\system\CodeIgniter.php(326): CodeIgniter\CodeIgniter->handleRequest(NULL, Object(Config\Cache), false)
#8 C:\xampp\htdocs\tokoku\public\index.php(37): CodeIgniter\CodeIgniter->run()
#9 C:\xampp\htdocs\tokoku\system\Commands\Server\rewrite.php(43): require_once('C:\\xampp\\htdocs...')
#10 {main}
CRITICAL - 2022-05-31 12:41:49 --> Attempt to read property "order_number" on array
#0 C:\xampp\htdocs\tokoku\app\Views\admin\orders\orders.php(53): CodeIgniter\Debug\Exceptions->errorHandler(2, 'Attempt to read...', 'C:\\xampp\\htdocs...', 53)
#1 C:\xampp\htdocs\tokoku\system\View\View.php(210): include('C:\\xampp\\htdocs...')
#2 C:\xampp\htdocs\tokoku\system\View\View.php(213): CodeIgniter\View\View->CodeIgniter\View\{closure}()
#3 C:\xampp\htdocs\tokoku\system\Common.php(1089): CodeIgniter\View\View->render('admin/orders/or...', Array, true)
#4 C:\xampp\htdocs\tokoku\app\Controllers\Admin_Orders.php(29): view('admin/orders/or...', Array)
#5 C:\xampp\htdocs\tokoku\system\CodeIgniter.php(832): App\Controllers\Admin_Orders->index()
#6 C:\xampp\htdocs\tokoku\system\CodeIgniter.php(419): CodeIgniter\CodeIgniter->runController(Object(App\Controllers\Admin_Orders))
#7 C:\xampp\htdocs\tokoku\system\CodeIgniter.php(326): CodeIgniter\CodeIgniter->handleRequest(NULL, Object(Config\Cache), false)
#8 C:\xampp\htdocs\tokoku\public\index.php(37): CodeIgniter\CodeIgniter->run()
#9 C:\xampp\htdocs\tokoku\system\Commands\Server\rewrite.php(43): require_once('C:\\xampp\\htdocs...')
#10 {main}
CRITICAL - 2022-05-31 12:42:49 --> Undefined array key "customer"
#0 C:\xampp\htdocs\tokoku\app\Views\admin\orders\orders.php(55): CodeIgniter\Debug\Exceptions->errorHandler(2, 'Undefined array...', 'C:\\xampp\\htdocs...', 55)
#1 C:\xampp\htdocs\tokoku\system\View\View.php(210): include('C:\\xampp\\htdocs...')
#2 C:\xampp\htdocs\tokoku\system\View\View.php(213): CodeIgniter\View\View->CodeIgniter\View\{closure}()
#3 C:\xampp\htdocs\tokoku\system\Common.php(1089): CodeIgniter\View\View->render('admin/orders/or...', Array, true)
#4 C:\xampp\htdocs\tokoku\app\Controllers\Admin_Orders.php(29): view('admin/orders/or...', Array)
#5 C:\xampp\htdocs\tokoku\system\CodeIgniter.php(832): App\Controllers\Admin_Orders->index()
#6 C:\xampp\htdocs\tokoku\system\CodeIgniter.php(419): CodeIgniter\CodeIgniter->runController(Object(App\Controllers\Admin_Orders))
#7 C:\xampp\htdocs\tokoku\system\CodeIgniter.php(326): CodeIgniter\CodeIgniter->handleRequest(NULL, Object(Config\Cache), false)
#8 C:\xampp\htdocs\tokoku\public\index.php(37): CodeIgniter\CodeIgniter->run()
#9 C:\xampp\htdocs\tokoku\system\Commands\Server\rewrite.php(43): require_once('C:\\xampp\\htdocs...')
#10 {main}
CRITICAL - 2022-05-31 12:47:55 --> Call to undefined function App\Controllers\show_404()
#0 C:\xampp\htdocs\tokoku\system\CodeIgniter.php(832): App\Controllers\Admin_Orders->view('8')
#1 C:\xampp\htdocs\tokoku\system\CodeIgniter.php(419): CodeIgniter\CodeIgniter->runController(Object(App\Controllers\Admin_Orders))
#2 C:\xampp\htdocs\tokoku\system\CodeIgniter.php(326): CodeIgniter\CodeIgniter->handleRequest(NULL, Object(Config\Cache), false)
#3 C:\xampp\htdocs\tokoku\public\index.php(37): CodeIgniter\CodeIgniter->run()
#4 C:\xampp\htdocs\tokoku\system\Commands\Server\rewrite.php(43): require_once('C:\\xampp\\htdocs...')
#5 {main}
CRITICAL - 2022-05-31 12:56:45 --> Undefined property: App\Controllers\Admin_Orders::$session
#0 C:\xampp\htdocs\tokoku\app\Controllers\Admin_Orders.php(47): CodeIgniter\Debug\Exceptions->errorHandler(2, 'Undefined prope...', 'C:\\xampp\\htdocs...', 47)
#1 C:\xampp\htdocs\tokoku\system\CodeIgniter.php(832): App\Controllers\Admin_Orders->view('9')
#2 C:\xampp\htdocs\tokoku\system\CodeIgniter.php(419): CodeIgniter\CodeIgniter->runController(Object(App\Controllers\Admin_Orders))
#3 C:\xampp\htdocs\tokoku\system\CodeIgniter.php(326): CodeIgniter\CodeIgniter->handleRequest(NULL, Object(Config\Cache), false)
#4 C:\xampp\htdocs\tokoku\public\index.php(37): CodeIgniter\CodeIgniter->run()
#5 C:\xampp\htdocs\tokoku\system\Commands\Server\rewrite.php(43): require_once('C:\\xampp\\htdocs...')
#6 {main}
CRITICAL - 2022-05-31 13:05:59 --> Undefined property: App\Controllers\Admin_Orders::$input
#0 C:\xampp\htdocs\tokoku\app\Controllers\Admin_Orders.php(59): CodeIgniter\Debug\Exceptions->errorHandler(2, 'Undefined prope...', 'C:\\xampp\\htdocs...', 59)
#1 C:\xampp\htdocs\tokoku\system\CodeIgniter.php(832): App\Controllers\Admin_Orders->status()
#2 C:\xampp\htdocs\tokoku\system\CodeIgniter.php(419): CodeIgniter\CodeIgniter->runController(Object(App\Controllers\Admin_Orders))
#3 C:\xampp\htdocs\tokoku\system\CodeIgniter.php(326): CodeIgniter\CodeIgniter->handleRequest(NULL, Object(Config\Cache), false)
#4 C:\xampp\htdocs\tokoku\public\index.php(37): CodeIgniter\CodeIgniter->run()
#5 C:\xampp\htdocs\tokoku\system\Commands\Server\rewrite.php(43): require_once('C:\\xampp\\htdocs...')
#6 {main}
CRITICAL - 2022-05-31 13:18:44 --> You must set the database table to be used with your query.
#0 C:\xampp\htdocs\tokoku\system\Model.php(545): CodeIgniter\Database\BaseConnection->table(NULL)
#1 C:\xampp\htdocs\tokoku\system\Model.php(509): CodeIgniter\Model->builder()
#2 C:\xampp\htdocs\tokoku\system\BaseModel.php(1084): CodeIgniter\Model->countAllResults(false)
#3 C:\xampp\htdocs\tokoku\app\Controllers\Admin_Payments.php(27): CodeIgniter\BaseModel->paginate(10, 'table')
#4 C:\xampp\htdocs\tokoku\system\CodeIgniter.php(832): App\Controllers\Admin_Payments->index()
#5 C:\xampp\htdocs\tokoku\system\CodeIgniter.php(419): CodeIgniter\CodeIgniter->runController(Object(App\Controllers\Admin_Payments))
#6 C:\xampp\htdocs\tokoku\system\CodeIgniter.php(326): CodeIgniter\CodeIgniter->handleRequest(NULL, Object(Config\Cache), false)
#7 C:\xampp\htdocs\tokoku\public\index.php(37): CodeIgniter\CodeIgniter->run()
#8 C:\xampp\htdocs\tokoku\system\Commands\Server\rewrite.php(43): require_once('C:\\xampp\\htdocs...')
#9 {main}
CRITICAL - 2022-05-31 13:19:18 --> CodeIgniter\Database\BaseResult::getResult(): Argument #1 ($type) must be of type string, null given, called in C:\xampp\htdocs\tokoku\system\Model.php on line 184
#0 C:\xampp\htdocs\tokoku\system\Model.php(184): CodeIgniter\Database\BaseResult->getResult(NULL)
#1 C:\xampp\htdocs\tokoku\system\BaseModel.php(584): CodeIgniter\Model->doFindAll(10, 0)
#2 C:\xampp\htdocs\tokoku\system\BaseModel.php(1088): CodeIgniter\BaseModel->findAll(10, 0)
#3 C:\xampp\htdocs\tokoku\app\Controllers\Admin_Payments.php(27): CodeIgniter\BaseModel->paginate(10, 'table')
#4 C:\xampp\htdocs\tokoku\system\CodeIgniter.php(832): App\Controllers\Admin_Payments->index()
#5 C:\xampp\htdocs\tokoku\system\CodeIgniter.php(419): CodeIgniter\CodeIgniter->runController(Object(App\Controllers\Admin_Payments))
#6 C:\xampp\htdocs\tokoku\system\CodeIgniter.php(326): CodeIgniter\CodeIgniter->handleRequest(NULL, Object(Config\Cache), false)
#7 C:\xampp\htdocs\tokoku\public\index.php(37): CodeIgniter\CodeIgniter->run()
#8 C:\xampp\htdocs\tokoku\system\Commands\Server\rewrite.php(43): require_once('C:\\xampp\\htdocs...')
#9 {main}
CRITICAL - 2022-05-31 13:20:22 --> CodeIgniter\Database\BaseResult::getResult(): Argument #1 ($type) must be of type string, null given, called in C:\xampp\htdocs\tokoku\system\Model.php on line 184
#0 C:\xampp\htdocs\tokoku\system\Model.php(184): CodeIgniter\Database\BaseResult->getResult(NULL)
#1 C:\xampp\htdocs\tokoku\system\BaseModel.php(584): CodeIgniter\Model->doFindAll(10, 0)
#2 C:\xampp\htdocs\tokoku\system\BaseModel.php(1088): CodeIgniter\BaseModel->findAll(10, 0)
#3 C:\xampp\htdocs\tokoku\app\Controllers\Admin_Payments.php(27): CodeIgniter\BaseModel->paginate(10, 'table')
#4 C:\xampp\htdocs\tokoku\system\CodeIgniter.php(832): App\Controllers\Admin_Payments->index()
#5 C:\xampp\htdocs\tokoku\system\CodeIgniter.php(419): CodeIgniter\CodeIgniter->runController(Object(App\Controllers\Admin_Payments))
#6 C:\xampp\htdocs\tokoku\system\CodeIgniter.php(326): CodeIgniter\CodeIgniter->handleRequest(NULL, Object(Config\Cache), false)
#7 C:\xampp\htdocs\tokoku\public\index.php(37): CodeIgniter\CodeIgniter->run()
#8 C:\xampp\htdocs\tokoku\system\Commands\Server\rewrite.php(43): require_once('C:\\xampp\\htdocs...')
#9 {main}
CRITICAL - 2022-05-31 13:20:26 --> CodeIgniter\Database\BaseResult::getResult(): Argument #1 ($type) must be of type string, null given, called in C:\xampp\htdocs\tokoku\system\Model.php on line 184
#0 C:\xampp\htdocs\tokoku\system\Model.php(184): CodeIgniter\Database\BaseResult->getResult(NULL)
#1 C:\xampp\htdocs\tokoku\system\BaseModel.php(584): CodeIgniter\Model->doFindAll(10, 0)
#2 C:\xampp\htdocs\tokoku\system\BaseModel.php(1088): CodeIgniter\BaseModel->findAll(10, 0)
#3 C:\xampp\htdocs\tokoku\app\Controllers\Admin_Payments.php(27): CodeIgniter\BaseModel->paginate(10, 'table')
#4 C:\xampp\htdocs\tokoku\system\CodeIgniter.php(832): App\Controllers\Admin_Payments->index()
#5 C:\xampp\htdocs\tokoku\system\CodeIgniter.php(419): CodeIgniter\CodeIgniter->runController(Object(App\Controllers\Admin_Payments))
#6 C:\xampp\htdocs\tokoku\system\CodeIgniter.php(326): CodeIgniter\CodeIgniter->handleRequest(NULL, Object(Config\Cache), false)
#7 C:\xampp\htdocs\tokoku\public\index.php(37): CodeIgniter\CodeIgniter->run()
#8 C:\xampp\htdocs\tokoku\system\Commands\Server\rewrite.php(43): require_once('C:\\xampp\\htdocs...')
#9 {main}
CRITICAL - 2022-05-31 13:20:27 --> CodeIgniter\Database\BaseResult::getResult(): Argument #1 ($type) must be of type string, null given, called in C:\xampp\htdocs\tokoku\system\Model.php on line 184
#0 C:\xampp\htdocs\tokoku\system\Model.php(184): CodeIgniter\Database\BaseResult->getResult(NULL)
#1 C:\xampp\htdocs\tokoku\system\BaseModel.php(584): CodeIgniter\Model->doFindAll(10, 0)
#2 C:\xampp\htdocs\tokoku\system\BaseModel.php(1088): CodeIgniter\BaseModel->findAll(10, 0)
#3 C:\xampp\htdocs\tokoku\app\Controllers\Admin_Payments.php(27): CodeIgniter\BaseModel->paginate(10, 'table')
#4 C:\xampp\htdocs\tokoku\system\CodeIgniter.php(832): App\Controllers\Admin_Payments->index()
#5 C:\xampp\htdocs\tokoku\system\CodeIgniter.php(419): CodeIgniter\CodeIgniter->runController(Object(App\Controllers\Admin_Payments))
#6 C:\xampp\htdocs\tokoku\system\CodeIgniter.php(326): CodeIgniter\CodeIgniter->handleRequest(NULL, Object(Config\Cache), false)
#7 C:\xampp\htdocs\tokoku\public\index.php(37): CodeIgniter\CodeIgniter->run()
#8 C:\xampp\htdocs\tokoku\system\Commands\Server\rewrite.php(43): require_once('C:\\xampp\\htdocs...')
#9 {main}
CRITICAL - 2022-05-31 13:21:09 --> Call to a member function paginate() on array
#0 C:\xampp\htdocs\tokoku\system\CodeIgniter.php(832): App\Controllers\Admin_Payments->index()
#1 C:\xampp\htdocs\tokoku\system\CodeIgniter.php(419): CodeIgniter\CodeIgniter->runController(Object(App\Controllers\Admin_Payments))
#2 C:\xampp\htdocs\tokoku\system\CodeIgniter.php(326): CodeIgniter\CodeIgniter->handleRequest(NULL, Object(Config\Cache), false)
#3 C:\xampp\htdocs\tokoku\public\index.php(37): CodeIgniter\CodeIgniter->run()
#4 C:\xampp\htdocs\tokoku\system\Commands\Server\rewrite.php(43): require_once('C:\\xampp\\htdocs...')
#5 {main}
CRITICAL - 2022-05-31 13:21:27 --> CodeIgniter\Database\BaseResult::getResult(): Argument #1 ($type) must be of type string, null given, called in C:\xampp\htdocs\tokoku\system\Model.php on line 184
#0 C:\xampp\htdocs\tokoku\system\Model.php(184): CodeIgniter\Database\BaseResult->getResult(NULL)
#1 C:\xampp\htdocs\tokoku\system\BaseModel.php(584): CodeIgniter\Model->doFindAll(10, 0)
#2 C:\xampp\htdocs\tokoku\system\BaseModel.php(1088): CodeIgniter\BaseModel->findAll(10, 0)
#3 C:\xampp\htdocs\tokoku\app\Controllers\Admin_Payments.php(27): CodeIgniter\BaseModel->paginate(10, 'table')
#4 C:\xampp\htdocs\tokoku\system\CodeIgniter.php(832): App\Controllers\Admin_Payments->index()
#5 C:\xampp\htdocs\tokoku\system\CodeIgniter.php(419): CodeIgniter\CodeIgniter->runController(Object(App\Controllers\Admin_Payments))
#6 C:\xampp\htdocs\tokoku\system\CodeIgniter.php(326): CodeIgniter\CodeIgniter->handleRequest(NULL, Object(Config\Cache), false)
#7 C:\xampp\htdocs\tokoku\public\index.php(37): CodeIgniter\CodeIgniter->run()
#8 C:\xampp\htdocs\tokoku\system\Commands\Server\rewrite.php(43): require_once('C:\\xampp\\htdocs...')
#9 {main}
CRITICAL - 2022-05-31 13:22:48 --> Attempt to read property "id" on array
#0 C:\xampp\htdocs\tokoku\app\Views\admin\payments\payments.php(53): CodeIgniter\Debug\Exceptions->errorHandler(2, 'Attempt to read...', 'C:\\xampp\\htdocs...', 53)
#1 C:\xampp\htdocs\tokoku\system\View\View.php(210): include('C:\\xampp\\htdocs...')
#2 C:\xampp\htdocs\tokoku\system\View\View.php(213): CodeIgniter\View\View->CodeIgniter\View\{closure}()
#3 C:\xampp\htdocs\tokoku\system\Common.php(1089): CodeIgniter\View\View->render('admin/payments/...', Array, true)
#4 C:\xampp\htdocs\tokoku\app\Controllers\Admin_Payments.php(62): view('admin/payments/...', Array)
#5 C:\xampp\htdocs\tokoku\system\CodeIgniter.php(832): App\Controllers\Admin_Payments->index()
#6 C:\xampp\htdocs\tokoku\system\CodeIgniter.php(419): CodeIgniter\CodeIgniter->runController(Object(App\Controllers\Admin_Payments))
#7 C:\xampp\htdocs\tokoku\system\CodeIgniter.php(326): CodeIgniter\CodeIgniter->handleRequest(NULL, Object(Config\Cache), false)
#8 C:\xampp\htdocs\tokoku\public\index.php(37): CodeIgniter\CodeIgniter->run()
#9 C:\xampp\htdocs\tokoku\system\Commands\Server\rewrite.php(43): require_once('C:\\xampp\\htdocs...')
#10 {main}
CRITICAL - 2022-05-31 13:23:02 --> Call to a member function paginate() on array
#0 C:\xampp\htdocs\tokoku\system\CodeIgniter.php(832): App\Controllers\Admin_Payments->index()
#1 C:\xampp\htdocs\tokoku\system\CodeIgniter.php(419): CodeIgniter\CodeIgniter->runController(Object(App\Controllers\Admin_Payments))
#2 C:\xampp\htdocs\tokoku\system\CodeIgniter.php(326): CodeIgniter\CodeIgniter->handleRequest(NULL, Object(Config\Cache), false)
#3 C:\xampp\htdocs\tokoku\public\index.php(37): CodeIgniter\CodeIgniter->run()
#4 C:\xampp\htdocs\tokoku\system\Commands\Server\rewrite.php(43): require_once('C:\\xampp\\htdocs...')
#5 {main}
CRITICAL - 2022-05-31 13:24:10 --> Undefined array key "order_number"
#0 C:\xampp\htdocs\tokoku\app\Views\admin\payments\payments.php(55): CodeIgniter\Debug\Exceptions->errorHandler(2, 'Undefined array...', 'C:\\xampp\\htdocs...', 55)
#1 C:\xampp\htdocs\tokoku\system\View\View.php(210): include('C:\\xampp\\htdocs...')
#2 C:\xampp\htdocs\tokoku\system\View\View.php(213): CodeIgniter\View\View->CodeIgniter\View\{closure}()
#3 C:\xampp\htdocs\tokoku\system\Common.php(1089): CodeIgniter\View\View->render('admin/payments/...', Array, true)
#4 C:\xampp\htdocs\tokoku\app\Controllers\Admin_Payments.php(62): view('admin/payments/...', Array)
#5 C:\xampp\htdocs\tokoku\system\CodeIgniter.php(832): App\Controllers\Admin_Payments->index()
#6 C:\xampp\htdocs\tokoku\system\CodeIgniter.php(419): CodeIgniter\CodeIgniter->runController(Object(App\Controllers\Admin_Payments))
#7 C:\xampp\htdocs\tokoku\system\CodeIgniter.php(326): CodeIgniter\CodeIgniter->handleRequest(NULL, Object(Config\Cache), false)
#8 C:\xampp\htdocs\tokoku\public\index.php(37): CodeIgniter\CodeIgniter->run()
#9 C:\xampp\htdocs\tokoku\system\Commands\Server\rewrite.php(43): require_once('C:\\xampp\\htdocs...')
#10 {main}
CRITICAL - 2022-05-31 13:24:53 --> Call to a member function paginate() on array
#0 C:\xampp\htdocs\tokoku\system\CodeIgniter.php(832): App\Controllers\Admin_Payments->index()
#1 C:\xampp\htdocs\tokoku\system\CodeIgniter.php(419): CodeIgniter\CodeIgniter->runController(Object(App\Controllers\Admin_Payments))
#2 C:\xampp\htdocs\tokoku\system\CodeIgniter.php(326): CodeIgniter\CodeIgniter->handleRequest(NULL, Object(Config\Cache), false)
#3 C:\xampp\htdocs\tokoku\public\index.php(37): CodeIgniter\CodeIgniter->run()
#4 C:\xampp\htdocs\tokoku\system\Commands\Server\rewrite.php(43): require_once('C:\\xampp\\htdocs...')
#5 {main}
CRITICAL - 2022-05-31 13:25:49 --> Call to undefined method CodeIgniter\Database\MySQLi\Result::paginate()
#0 C:\xampp\htdocs\tokoku\system\CodeIgniter.php(832): App\Controllers\Admin_Payments->index()
#1 C:\xampp\htdocs\tokoku\system\CodeIgniter.php(419): CodeIgniter\CodeIgniter->runController(Object(App\Controllers\Admin_Payments))
#2 C:\xampp\htdocs\tokoku\system\CodeIgniter.php(326): CodeIgniter\CodeIgniter->handleRequest(NULL, Object(Config\Cache), false)
#3 C:\xampp\htdocs\tokoku\public\index.php(37): CodeIgniter\CodeIgniter->run()
#4 C:\xampp\htdocs\tokoku\system\Commands\Server\rewrite.php(43): require_once('C:\\xampp\\htdocs...')
#5 {main}
CRITICAL - 2022-05-31 13:28:39 --> Too few arguments to function CodeIgniter\Database\BaseBuilder::join(), 1 passed in C:\xampp\htdocs\tokoku\system\Model.php on line 728 and at least 2 expected
#0 C:\xampp\htdocs\tokoku\system\Model.php(728): CodeIgniter\Database\BaseBuilder->join('orders o ON o.i...')
#1 C:\xampp\htdocs\tokoku\app\Controllers\Admin_Payments.php(29): CodeIgniter\Model->__call('join', Array)
#2 C:\xampp\htdocs\tokoku\system\CodeIgniter.php(832): App\Controllers\Admin_Payments->index()
#3 C:\xampp\htdocs\tokoku\system\CodeIgniter.php(419): CodeIgniter\CodeIgniter->runController(Object(App\Controllers\Admin_Payments))
#4 C:\xampp\htdocs\tokoku\system\CodeIgniter.php(326): CodeIgniter\CodeIgniter->handleRequest(NULL, Object(Config\Cache), false)
#5 C:\xampp\htdocs\tokoku\public\index.php(37): CodeIgniter\CodeIgniter->run()
#6 C:\xampp\htdocs\tokoku\system\Commands\Server\rewrite.php(43): require_once('C:\\xampp\\htdocs...')
#7 {main}
CRITICAL - 2022-05-31 13:29:28 --> Too few arguments to function CodeIgniter\Database\BaseBuilder::join(), 1 passed in C:\xampp\htdocs\tokoku\system\Model.php on line 728 and at least 2 expected
#0 C:\xampp\htdocs\tokoku\system\Model.php(728): CodeIgniter\Database\BaseBuilder->join('orders o ON o.i...')
#1 C:\xampp\htdocs\tokoku\app\Controllers\Admin_Payments.php(29): CodeIgniter\Model->__call('join', Array)
#2 C:\xampp\htdocs\tokoku\system\CodeIgniter.php(832): App\Controllers\Admin_Payments->index()
#3 C:\xampp\htdocs\tokoku\system\CodeIgniter.php(419): CodeIgniter\CodeIgniter->runController(Object(App\Controllers\Admin_Payments))
#4 C:\xampp\htdocs\tokoku\system\CodeIgniter.php(326): CodeIgniter\CodeIgniter->handleRequest(NULL, Object(Config\Cache), false)
#5 C:\xampp\htdocs\tokoku\public\index.php(37): CodeIgniter\CodeIgniter->run()
#6 C:\xampp\htdocs\tokoku\system\Commands\Server\rewrite.php(43): require_once('C:\\xampp\\htdocs...')
#7 {main}
CRITICAL - 2022-05-31 13:29:29 --> Too few arguments to function CodeIgniter\Database\BaseBuilder::join(), 1 passed in C:\xampp\htdocs\tokoku\system\Model.php on line 728 and at least 2 expected
#0 C:\xampp\htdocs\tokoku\system\Model.php(728): CodeIgniter\Database\BaseBuilder->join('orders o ON o.i...')
#1 C:\xampp\htdocs\tokoku\app\Controllers\Admin_Payments.php(29): CodeIgniter\Model->__call('join', Array)
#2 C:\xampp\htdocs\tokoku\system\CodeIgniter.php(832): App\Controllers\Admin_Payments->index()
#3 C:\xampp\htdocs\tokoku\system\CodeIgniter.php(419): CodeIgniter\CodeIgniter->runController(Object(App\Controllers\Admin_Payments))
#4 C:\xampp\htdocs\tokoku\system\CodeIgniter.php(326): CodeIgniter\CodeIgniter->handleRequest(NULL, Object(Config\Cache), false)
#5 C:\xampp\htdocs\tokoku\public\index.php(37): CodeIgniter\CodeIgniter->run()
#6 C:\xampp\htdocs\tokoku\system\Commands\Server\rewrite.php(43): require_once('C:\\xampp\\htdocs...')
#7 {main}
CRITICAL - 2022-05-31 13:31:02 --> Cannot use empty array elements in arrays
#0 [internal function]: CodeIgniter\Debug\Exceptions->shutdownHandler()
#1 {main}
CRITICAL - 2022-05-31 13:31:14 --> Call to a member function paginate() on array
#0 C:\xampp\htdocs\tokoku\system\CodeIgniter.php(832): App\Controllers\Admin_Payments->index()
#1 C:\xampp\htdocs\tokoku\system\CodeIgniter.php(419): CodeIgniter\CodeIgniter->runController(Object(App\Controllers\Admin_Payments))
#2 C:\xampp\htdocs\tokoku\system\CodeIgniter.php(326): CodeIgniter\CodeIgniter->handleRequest(NULL, Object(Config\Cache), false)
#3 C:\xampp\htdocs\tokoku\public\index.php(37): CodeIgniter\CodeIgniter->run()
#4 C:\xampp\htdocs\tokoku\system\Commands\Server\rewrite.php(43): require_once('C:\\xampp\\htdocs...')
#5 {main}
CRITICAL - 2022-05-31 13:32:07 --> Call to a member function paginate() on array
#0 C:\xampp\htdocs\tokoku\system\CodeIgniter.php(832): App\Controllers\Admin_Payments->index()
#1 C:\xampp\htdocs\tokoku\system\CodeIgniter.php(419): CodeIgniter\CodeIgniter->runController(Object(App\Controllers\Admin_Payments))
#2 C:\xampp\htdocs\tokoku\system\CodeIgniter.php(326): CodeIgniter\CodeIgniter->handleRequest(NULL, Object(Config\Cache), false)
#3 C:\xampp\htdocs\tokoku\public\index.php(37): CodeIgniter\CodeIgniter->run()
#4 C:\xampp\htdocs\tokoku\system\Commands\Server\rewrite.php(43): require_once('C:\\xampp\\htdocs...')
#5 {main}
CRITICAL - 2022-05-31 13:32:08 --> Call to a member function paginate() on array
#0 C:\xampp\htdocs\tokoku\system\CodeIgniter.php(832): App\Controllers\Admin_Payments->index()
#1 C:\xampp\htdocs\tokoku\system\CodeIgniter.php(419): CodeIgniter\CodeIgniter->runController(Object(App\Controllers\Admin_Payments))
#2 C:\xampp\htdocs\tokoku\system\CodeIgniter.php(326): CodeIgniter\CodeIgniter->handleRequest(NULL, Object(Config\Cache), false)
#3 C:\xampp\htdocs\tokoku\public\index.php(37): CodeIgniter\CodeIgniter->run()
#4 C:\xampp\htdocs\tokoku\system\Commands\Server\rewrite.php(43): require_once('C:\\xampp\\htdocs...')
#5 {main}
CRITICAL - 2022-05-31 13:32:09 --> Call to a member function paginate() on array
#0 C:\xampp\htdocs\tokoku\system\CodeIgniter.php(832): App\Controllers\Admin_Payments->index()
#1 C:\xampp\htdocs\tokoku\system\CodeIgniter.php(419): CodeIgniter\CodeIgniter->runController(Object(App\Controllers\Admin_Payments))
#2 C:\xampp\htdocs\tokoku\system\CodeIgniter.php(326): CodeIgniter\CodeIgniter->handleRequest(NULL, Object(Config\Cache), false)
#3 C:\xampp\htdocs\tokoku\public\index.php(37): CodeIgniter\CodeIgniter->run()
#4 C:\xampp\htdocs\tokoku\system\Commands\Server\rewrite.php(43): require_once('C:\\xampp\\htdocs...')
#5 {main}
CRITICAL - 2022-05-31 13:32:09 --> Call to a member function paginate() on array
#0 C:\xampp\htdocs\tokoku\system\CodeIgniter.php(832): App\Controllers\Admin_Payments->index()
#1 C:\xampp\htdocs\tokoku\system\CodeIgniter.php(419): CodeIgniter\CodeIgniter->runController(Object(App\Controllers\Admin_Payments))
#2 C:\xampp\htdocs\tokoku\system\CodeIgniter.php(326): CodeIgniter\CodeIgniter->handleRequest(NULL, Object(Config\Cache), false)
#3 C:\xampp\htdocs\tokoku\public\index.php(37): CodeIgniter\CodeIgniter->run()
#4 C:\xampp\htdocs\tokoku\system\Commands\Server\rewrite.php(43): require_once('C:\\xampp\\htdocs...')
#5 {main}
CRITICAL - 2022-05-31 13:32:09 --> Call to a member function paginate() on array
#0 C:\xampp\htdocs\tokoku\system\CodeIgniter.php(832): App\Controllers\Admin_Payments->index()
#1 C:\xampp\htdocs\tokoku\system\CodeIgniter.php(419): CodeIgniter\CodeIgniter->runController(Object(App\Controllers\Admin_Payments))
#2 C:\xampp\htdocs\tokoku\system\CodeIgniter.php(326): CodeIgniter\CodeIgniter->handleRequest(NULL, Object(Config\Cache), false)
#3 C:\xampp\htdocs\tokoku\public\index.php(37): CodeIgniter\CodeIgniter->run()
#4 C:\xampp\htdocs\tokoku\system\Commands\Server\rewrite.php(43): require_once('C:\\xampp\\htdocs...')
#5 {main}
CRITICAL - 2022-05-31 13:32:09 --> Call to a member function paginate() on array
#0 C:\xampp\htdocs\tokoku\system\CodeIgniter.php(832): App\Controllers\Admin_Payments->index()
#1 C:\xampp\htdocs\tokoku\system\CodeIgniter.php(419): CodeIgniter\CodeIgniter->runController(Object(App\Controllers\Admin_Payments))
#2 C:\xampp\htdocs\tokoku\system\CodeIgniter.php(326): CodeIgniter\CodeIgniter->handleRequest(NULL, Object(Config\Cache), false)
#3 C:\xampp\htdocs\tokoku\public\index.php(37): CodeIgniter\CodeIgniter->run()
#4 C:\xampp\htdocs\tokoku\system\Commands\Server\rewrite.php(43): require_once('C:\\xampp\\htdocs...')
#5 {main}
CRITICAL - 2022-05-31 13:32:09 --> Call to a member function paginate() on array
#0 C:\xampp\htdocs\tokoku\system\CodeIgniter.php(832): App\Controllers\Admin_Payments->index()
#1 C:\xampp\htdocs\tokoku\system\CodeIgniter.php(419): CodeIgniter\CodeIgniter->runController(Object(App\Controllers\Admin_Payments))
#2 C:\xampp\htdocs\tokoku\system\CodeIgniter.php(326): CodeIgniter\CodeIgniter->handleRequest(NULL, Object(Config\Cache), false)
#3 C:\xampp\htdocs\tokoku\public\index.php(37): CodeIgniter\CodeIgniter->run()
#4 C:\xampp\htdocs\tokoku\system\Commands\Server\rewrite.php(43): require_once('C:\\xampp\\htdocs...')
#5 {main}
CRITICAL - 2022-05-31 13:32:10 --> Call to a member function paginate() on array
#0 C:\xampp\htdocs\tokoku\system\CodeIgniter.php(832): App\Controllers\Admin_Payments->index()
#1 C:\xampp\htdocs\tokoku\system\CodeIgniter.php(419): CodeIgniter\CodeIgniter->runController(Object(App\Controllers\Admin_Payments))
#2 C:\xampp\htdocs\tokoku\system\CodeIgniter.php(326): CodeIgniter\CodeIgniter->handleRequest(NULL, Object(Config\Cache), false)
#3 C:\xampp\htdocs\tokoku\public\index.php(37): CodeIgniter\CodeIgniter->run()
#4 C:\xampp\htdocs\tokoku\system\Commands\Server\rewrite.php(43): require_once('C:\\xampp\\htdocs...')
#5 {main}
CRITICAL - 2022-05-31 13:32:21 --> Call to a member function paginate() on array
#0 C:\xampp\htdocs\tokoku\system\CodeIgniter.php(832): App\Controllers\Admin_Payments->index()
#1 C:\xampp\htdocs\tokoku\system\CodeIgniter.php(419): CodeIgniter\CodeIgniter->runController(Object(App\Controllers\Admin_Payments))
#2 C:\xampp\htdocs\tokoku\system\CodeIgniter.php(326): CodeIgniter\CodeIgniter->handleRequest(NULL, Object(Config\Cache), false)
#3 C:\xampp\htdocs\tokoku\public\index.php(37): CodeIgniter\CodeIgniter->run()
#4 C:\xampp\htdocs\tokoku\system\Commands\Server\rewrite.php(43): require_once('C:\\xampp\\htdocs...')
#5 {main}
CRITICAL - 2022-05-31 13:32:22 --> Call to a member function paginate() on array
#0 C:\xampp\htdocs\tokoku\system\CodeIgniter.php(832): App\Controllers\Admin_Payments->index()
#1 C:\xampp\htdocs\tokoku\system\CodeIgniter.php(419): CodeIgniter\CodeIgniter->runController(Object(App\Controllers\Admin_Payments))
#2 C:\xampp\htdocs\tokoku\system\CodeIgniter.php(326): CodeIgniter\CodeIgniter->handleRequest(NULL, Object(Config\Cache), false)
#3 C:\xampp\htdocs\tokoku\public\index.php(37): CodeIgniter\CodeIgniter->run()
#4 C:\xampp\htdocs\tokoku\system\Commands\Server\rewrite.php(43): require_once('C:\\xampp\\htdocs...')
#5 {main}
CRITICAL - 2022-05-31 13:32:22 --> Call to a member function paginate() on array
#0 C:\xampp\htdocs\tokoku\system\CodeIgniter.php(832): App\Controllers\Admin_Payments->index()
#1 C:\xampp\htdocs\tokoku\system\CodeIgniter.php(419): CodeIgniter\CodeIgniter->runController(Object(App\Controllers\Admin_Payments))
#2 C:\xampp\htdocs\tokoku\system\CodeIgniter.php(326): CodeIgniter\CodeIgniter->handleRequest(NULL, Object(Config\Cache), false)
#3 C:\xampp\htdocs\tokoku\public\index.php(37): CodeIgniter\CodeIgniter->run()
#4 C:\xampp\htdocs\tokoku\system\Commands\Server\rewrite.php(43): require_once('C:\\xampp\\htdocs...')
#5 {main}
CRITICAL - 2022-05-31 13:33:37 --> Too few arguments to function CodeIgniter\Database\BaseBuilder::join(), 1 passed in C:\xampp\htdocs\tokoku\system\Model.php on line 728 and at least 2 expected
#0 C:\xampp\htdocs\tokoku\system\Model.php(728): CodeIgniter\Database\BaseBuilder->join('orders o ON o.i...')
#1 C:\xampp\htdocs\tokoku\app\Controllers\Admin_Payments.php(29): CodeIgniter\Model->__call('join', Array)
#2 C:\xampp\htdocs\tokoku\system\CodeIgniter.php(832): App\Controllers\Admin_Payments->index()
#3 C:\xampp\htdocs\tokoku\system\CodeIgniter.php(419): CodeIgniter\CodeIgniter->runController(Object(App\Controllers\Admin_Payments))
#4 C:\xampp\htdocs\tokoku\system\CodeIgniter.php(326): CodeIgniter\CodeIgniter->handleRequest(NULL, Object(Config\Cache), false)
#5 C:\xampp\htdocs\tokoku\public\index.php(37): CodeIgniter\CodeIgniter->run()
#6 C:\xampp\htdocs\tokoku\system\Commands\Server\rewrite.php(43): require_once('C:\\xampp\\htdocs...')
#7 {main}
CRITICAL - 2022-05-31 18:04:30 --> Attempt to read property "profile_picture" on null
#0 C:\xampp\htdocs\tokoku\app\Helpers\global_helper.php(94): CodeIgniter\Debug\Exceptions->errorHandler(2, 'Attempt to read...', 'C:\\xampp\\htdocs...', 94)
#1 C:\xampp\htdocs\tokoku\app\Views\admin\header.php(161): get_admin_image()
#2 C:\xampp\htdocs\tokoku\system\View\View.php(210): include('C:\\xampp\\htdocs...')
#3 C:\xampp\htdocs\tokoku\system\View\View.php(213): CodeIgniter\View\View->CodeIgniter\View\{closure}()
#4 C:\xampp\htdocs\tokoku\system\View\View.php(226): CodeIgniter\View\View->render('admin\\header', Array, true)
#5 C:\xampp\htdocs\tokoku\system\Common.php(1089): CodeIgniter\View\View->render('admin/payments/...', Array, true)
#6 C:\xampp\htdocs\tokoku\app\Controllers\Admin_Payments.php(85): view('admin/payments/...', Array)
#7 C:\xampp\htdocs\tokoku\system\CodeIgniter.php(832): App\Controllers\Admin_Payments->view('6')
#8 C:\xampp\htdocs\tokoku\system\CodeIgniter.php(419): CodeIgniter\CodeIgniter->runController(Object(App\Controllers\Admin_Payments))
#9 C:\xampp\htdocs\tokoku\system\CodeIgniter.php(326): CodeIgniter\CodeIgniter->handleRequest(NULL, Object(Config\Cache), false)
#10 C:\xampp\htdocs\tokoku\public\index.php(37): CodeIgniter\CodeIgniter->run()
#11 C:\xampp\htdocs\tokoku\system\Commands\Server\rewrite.php(43): require_once('C:\\xampp\\htdocs...')
#12 {main}
CRITICAL - 2022-05-31 18:04:36 --> Attempt to read property "profile_picture" on null
#0 C:\xampp\htdocs\tokoku\app\Helpers\global_helper.php(94): CodeIgniter\Debug\Exceptions->errorHandler(2, 'Attempt to read...', 'C:\\xampp\\htdocs...', 94)
#1 C:\xampp\htdocs\tokoku\app\Views\admin\header.php(161): get_admin_image()
#2 C:\xampp\htdocs\tokoku\system\View\View.php(210): include('C:\\xampp\\htdocs...')
#3 C:\xampp\htdocs\tokoku\system\View\View.php(213): CodeIgniter\View\View->CodeIgniter\View\{closure}()
#4 C:\xampp\htdocs\tokoku\system\View\View.php(226): CodeIgniter\View\View->render('admin\\header', Array, true)
#5 C:\xampp\htdocs\tokoku\system\Common.php(1089): CodeIgniter\View\View->render('admin/payments/...', Array, true)
#6 C:\xampp\htdocs\tokoku\app\Controllers\Admin_Payments.php(68): view('admin/payments/...', Array)
#7 C:\xampp\htdocs\tokoku\system\CodeIgniter.php(832): App\Controllers\Admin_Payments->index()
#8 C:\xampp\htdocs\tokoku\system\CodeIgniter.php(419): CodeIgniter\CodeIgniter->runController(Object(App\Controllers\Admin_Payments))
#9 C:\xampp\htdocs\tokoku\system\CodeIgniter.php(326): CodeIgniter\CodeIgniter->handleRequest(NULL, Object(Config\Cache), false)
#10 C:\xampp\htdocs\tokoku\public\index.php(37): CodeIgniter\CodeIgniter->run()
#11 C:\xampp\htdocs\tokoku\system\Commands\Server\rewrite.php(43): require_once('C:\\xampp\\htdocs...')
#12 {main}
CRITICAL - 2022-05-31 18:04:41 --> Attempt to read property "profile_picture" on null
#0 C:\xampp\htdocs\tokoku\app\Helpers\global_helper.php(94): CodeIgniter\Debug\Exceptions->errorHandler(2, 'Attempt to read...', 'C:\\xampp\\htdocs...', 94)
#1 C:\xampp\htdocs\tokoku\app\Views\admin\header.php(161): get_admin_image()
#2 C:\xampp\htdocs\tokoku\system\View\View.php(210): include('C:\\xampp\\htdocs...')
#3 C:\xampp\htdocs\tokoku\system\View\View.php(213): CodeIgniter\View\View->CodeIgniter\View\{closure}()
#4 C:\xampp\htdocs\tokoku\system\View\View.php(226): CodeIgniter\View\View->render('admin\\header', Array, true)
#5 C:\xampp\htdocs\tokoku\system\Common.php(1089): CodeIgniter\View\View->render('admin/products/...', Array, true)
#6 C:\xampp\htdocs\tokoku\app\Controllers\Admin_Products.php(360): view('admin/products/...', Array)
#7 C:\xampp\htdocs\tokoku\system\CodeIgniter.php(832): App\Controllers\Admin_Products->coupons()
#8 C:\xampp\htdocs\tokoku\system\CodeIgniter.php(419): CodeIgniter\CodeIgniter->runController(Object(App\Controllers\Admin_Products))
#9 C:\xampp\htdocs\tokoku\system\CodeIgniter.php(326): CodeIgniter\CodeIgniter->handleRequest(NULL, Object(Config\Cache), false)
#10 C:\xampp\htdocs\tokoku\public\index.php(37): CodeIgniter\CodeIgniter->run()
#11 C:\xampp\htdocs\tokoku\system\Commands\Server\rewrite.php(43): require_once('C:\\xampp\\htdocs...')
#12 {main}
CRITICAL - 2022-05-31 18:04:45 --> Attempt to read property "profile_picture" on null
#0 C:\xampp\htdocs\tokoku\app\Helpers\global_helper.php(94): CodeIgniter\Debug\Exceptions->errorHandler(2, 'Attempt to read...', 'C:\\xampp\\htdocs...', 94)
#1 C:\xampp\htdocs\tokoku\app\Views\admin\header.php(161): get_admin_image()
#2 C:\xampp\htdocs\tokoku\system\View\View.php(210): include('C:\\xampp\\htdocs...')
#3 C:\xampp\htdocs\tokoku\system\View\View.php(213): CodeIgniter\View\View->CodeIgniter\View\{closure}()
#4 C:\xampp\htdocs\tokoku\system\View\View.php(226): CodeIgniter\View\View->render('admin\\header', Array, true)
#5 C:\xampp\htdocs\tokoku\system\Common.php(1089): CodeIgniter\View\View->render('admin\\overview', Array, true)
#6 C:\xampp\htdocs\tokoku\app\Controllers\Admin.php(38): view('admin\\overview', Array)
#7 C:\xampp\htdocs\tokoku\system\CodeIgniter.php(832): App\Controllers\Admin->index()
#8 C:\xampp\htdocs\tokoku\system\CodeIgniter.php(419): CodeIgniter\CodeIgniter->runController(Object(App\Controllers\Admin))
#9 C:\xampp\htdocs\tokoku\system\CodeIgniter.php(326): CodeIgniter\CodeIgniter->handleRequest(NULL, Object(Config\Cache), false)
#10 C:\xampp\htdocs\tokoku\public\index.php(37): CodeIgniter\CodeIgniter->run()
#11 C:\xampp\htdocs\tokoku\system\Commands\Server\rewrite.php(43): require_once('C:\\xampp\\htdocs...')
#12 {main}
CRITICAL - 2022-05-31 18:41:40 --> syntax error, unexpected token "]"
#0 C:\xampp\htdocs\tokoku\system\Autoloader\Autoloader.php(241): CodeIgniter\Autoloader\Autoloader->includeFile('C:\\xampp\\htdocs...')
#1 C:\xampp\htdocs\tokoku\system\Autoloader\Autoloader.php(219): CodeIgniter\Autoloader\Autoloader->loadInNamespace('Config\\Validati...')
#2 [internal function]: CodeIgniter\Autoloader\Autoloader->loadClass('Config\\Validati...')
#3 C:\xampp\htdocs\tokoku\system\Config\Factories.php(136): class_exists('Config\\Validati...')
#4 C:\xampp\htdocs\tokoku\system\Config\Factories.php(106): CodeIgniter\Config\Factories::locateClass(Array, 'Validation')
#5 C:\xampp\htdocs\tokoku\system\Common.php(198): CodeIgniter\Config\Factories::__callStatic('config', Array)
#6 C:\xampp\htdocs\tokoku\system\Config\Services.php(656): config('Validation')
#7 C:\xampp\htdocs\tokoku\system\Config\BaseService.php(248): CodeIgniter\Config\Services::validation(NULL, false)
#8 C:\xampp\htdocs\tokoku\system\BaseModel.php(298): CodeIgniter\Config\BaseService::__callStatic('validation', Array)
#9 C:\xampp\htdocs\tokoku\system\Model.php(101): CodeIgniter\BaseModel->__construct(NULL)
#10 C:\xampp\htdocs\tokoku\app\Controllers\Admin_Products.php(16): CodeIgniter\Model->__construct()
#11 C:\xampp\htdocs\tokoku\system\CodeIgniter.php(809): App\Controllers\Admin_Products->__construct()
#12 C:\xampp\htdocs\tokoku\system\CodeIgniter.php(410): CodeIgniter\CodeIgniter->createController()
#13 C:\xampp\htdocs\tokoku\system\CodeIgniter.php(326): CodeIgniter\CodeIgniter->handleRequest(NULL, Object(Config\Cache), false)
#14 C:\xampp\htdocs\tokoku\public\index.php(37): CodeIgniter\CodeIgniter->run()
#15 C:\xampp\htdocs\tokoku\system\Commands\Server\rewrite.php(43): require_once('C:\\xampp\\htdocs...')
#16 {main}
CRITICAL - 2022-05-31 18:41:47 --> syntax error, unexpected token "]"
#0 C:\xampp\htdocs\tokoku\system\Autoloader\Autoloader.php(241): CodeIgniter\Autoloader\Autoloader->includeFile('C:\\xampp\\htdocs...')
#1 C:\xampp\htdocs\tokoku\system\Autoloader\Autoloader.php(219): CodeIgniter\Autoloader\Autoloader->loadInNamespace('Config\\Validati...')
#2 [internal function]: CodeIgniter\Autoloader\Autoloader->loadClass('Config\\Validati...')
#3 C:\xampp\htdocs\tokoku\system\Config\Factories.php(136): class_exists('Config\\Validati...')
#4 C:\xampp\htdocs\tokoku\system\Config\Factories.php(106): CodeIgniter\Config\Factories::locateClass(Array, 'Validation')
#5 C:\xampp\htdocs\tokoku\system\Common.php(198): CodeIgniter\Config\Factories::__callStatic('config', Array)
#6 C:\xampp\htdocs\tokoku\system\Config\Services.php(656): config('Validation')
#7 C:\xampp\htdocs\tokoku\system\Config\BaseService.php(248): CodeIgniter\Config\Services::validation(NULL, false)
#8 C:\xampp\htdocs\tokoku\system\BaseModel.php(298): CodeIgniter\Config\BaseService::__callStatic('validation', Array)
#9 C:\xampp\htdocs\tokoku\system\Model.php(101): CodeIgniter\BaseModel->__construct(NULL)
#10 C:\xampp\htdocs\tokoku\app\Controllers\Admin.php(14): CodeIgniter\Model->__construct()
#11 C:\xampp\htdocs\tokoku\system\CodeIgniter.php(809): App\Controllers\Admin->__construct()
#12 C:\xampp\htdocs\tokoku\system\CodeIgniter.php(410): CodeIgniter\CodeIgniter->createController()
#13 C:\xampp\htdocs\tokoku\system\CodeIgniter.php(326): CodeIgniter\CodeIgniter->handleRequest(NULL, Object(Config\Cache), false)
#14 C:\xampp\htdocs\tokoku\public\index.php(37): CodeIgniter\CodeIgniter->run()
#15 C:\xampp\htdocs\tokoku\system\Commands\Server\rewrite.php(43): require_once('C:\\xampp\\htdocs...')
#16 {main}
CRITICAL - 2022-05-31 18:47:36 --> unlink(./assets/uploads/products/): Is a directory
#0 [internal function]: CodeIgniter\Debug\Exceptions->errorHandler(2, 'unlink(./assets...', 'C:\\xampp\\htdocs...', 264)
#1 C:\xampp\htdocs\tokoku\app\Controllers\Admin_Products.php(264): unlink('./assets/upload...')
#2 C:\xampp\htdocs\tokoku\system\CodeIgniter.php(832): App\Controllers\Admin_Products->product_api()
#3 C:\xampp\htdocs\tokoku\system\CodeIgniter.php(419): CodeIgniter\CodeIgniter->runController(Object(App\Controllers\Admin_Products))
#4 C:\xampp\htdocs\tokoku\system\CodeIgniter.php(326): CodeIgniter\CodeIgniter->handleRequest(NULL, Object(Config\Cache), false)
#5 C:\xampp\htdocs\tokoku\public\index.php(37): CodeIgniter\CodeIgniter->run()
#6 C:\xampp\htdocs\tokoku\system\Commands\Server\rewrite.php(43): require_once('C:\\xampp\\htdocs...')
#7 {main}
CRITICAL - 2022-05-31 19:12:01 --> Undefined variable $validation
#0 C:\xampp\htdocs\tokoku\app\Views\admin\products\add_new_product.php(56): CodeIgniter\Debug\Exceptions->errorHandler(2, 'Undefined varia...', 'C:\\xampp\\htdocs...', 56)
#1 C:\xampp\htdocs\tokoku\system\View\View.php(210): include('C:\\xampp\\htdocs...')
#2 C:\xampp\htdocs\tokoku\system\View\View.php(213): CodeIgniter\View\View->CodeIgniter\View\{closure}()
#3 C:\xampp\htdocs\tokoku\system\Common.php(1089): CodeIgniter\View\View->render('admin/products/...', Array, true)
#4 C:\xampp\htdocs\tokoku\app\Controllers\Admin_Products.php(92): view('admin/products/...', Array)
#5 C:\xampp\htdocs\tokoku\system\CodeIgniter.php(832): App\Controllers\Admin_Products->add_new_product()
#6 C:\xampp\htdocs\tokoku\system\CodeIgniter.php(419): CodeIgniter\CodeIgniter->runController(Object(App\Controllers\Admin_Products))
#7 C:\xampp\htdocs\tokoku\system\CodeIgniter.php(326): CodeIgniter\CodeIgniter->handleRequest(NULL, Object(Config\Cache), false)
#8 C:\xampp\htdocs\tokoku\public\index.php(37): CodeIgniter\CodeIgniter->run()
#9 C:\xampp\htdocs\tokoku\system\Commands\Server\rewrite.php(43): require_once('C:\\xampp\\htdocs...')
#10 {main}
CRITICAL - 2022-05-31 19:12:35 --> Undefined variable $validation
#0 C:\xampp\htdocs\tokoku\app\Views\admin\products\add_new_product.php(65): CodeIgniter\Debug\Exceptions->errorHandler(2, 'Undefined varia...', 'C:\\xampp\\htdocs...', 65)
#1 C:\xampp\htdocs\tokoku\system\View\View.php(210): include('C:\\xampp\\htdocs...')
#2 C:\xampp\htdocs\tokoku\system\View\View.php(213): CodeIgniter\View\View->CodeIgniter\View\{closure}()
#3 C:\xampp\htdocs\tokoku\system\Common.php(1089): CodeIgniter\View\View->render('admin/products/...', Array, true)
#4 C:\xampp\htdocs\tokoku\app\Controllers\Admin_Products.php(92): view('admin/products/...', Array)
#5 C:\xampp\htdocs\tokoku\system\CodeIgniter.php(832): App\Controllers\Admin_Products->add_new_product()
#6 C:\xampp\htdocs\tokoku\system\CodeIgniter.php(419): CodeIgniter\CodeIgniter->runController(Object(App\Controllers\Admin_Products))
#7 C:\xampp\htdocs\tokoku\system\CodeIgniter.php(326): CodeIgniter\CodeIgniter->handleRequest(NULL, Object(Config\Cache), false)
#8 C:\xampp\htdocs\tokoku\public\index.php(37): CodeIgniter\CodeIgniter->run()
#9 C:\xampp\htdocs\tokoku\system\Commands\Server\rewrite.php(43): require_once('C:\\xampp\\htdocs...')
#10 {main}
CRITICAL - 2022-05-31 19:14:13 --> Object of class CodeIgniter\Validation\Validation could not be converted to string
#0 C:\xampp\htdocs\tokoku\system\View\View.php(210): include()
#1 C:\xampp\htdocs\tokoku\system\View\View.php(213): CodeIgniter\View\View->CodeIgniter\View\{closure}()
#2 C:\xampp\htdocs\tokoku\system\Common.php(1089): CodeIgniter\View\View->render('admin/products/...', Array, true)
#3 C:\xampp\htdocs\tokoku\app\Controllers\Admin_Products.php(92): view('admin/products/...', Array)
#4 C:\xampp\htdocs\tokoku\system\CodeIgniter.php(832): App\Controllers\Admin_Products->add_new_product()
#5 C:\xampp\htdocs\tokoku\system\CodeIgniter.php(419): CodeIgniter\CodeIgniter->runController(Object(App\Controllers\Admin_Products))
#6 C:\xampp\htdocs\tokoku\system\CodeIgniter.php(326): CodeIgniter\CodeIgniter->handleRequest(NULL, Object(Config\Cache), false)
#7 C:\xampp\htdocs\tokoku\public\index.php(37): CodeIgniter\CodeIgniter->run()
#8 C:\xampp\htdocs\tokoku\system\Commands\Server\rewrite.php(43): require_once('C:\\xampp\\htdocs...')
#9 {main}
CRITICAL - 2022-05-31 19:14:36 --> Object of class CodeIgniter\Validation\Validation could not be converted to string
#0 C:\xampp\htdocs\tokoku\system\View\View.php(210): include()
#1 C:\xampp\htdocs\tokoku\system\View\View.php(213): CodeIgniter\View\View->CodeIgniter\View\{closure}()
#2 C:\xampp\htdocs\tokoku\system\Common.php(1089): CodeIgniter\View\View->render('admin/products/...', Array, true)
#3 C:\xampp\htdocs\tokoku\app\Controllers\Admin_Products.php(92): view('admin/products/...', Array)
#4 C:\xampp\htdocs\tokoku\system\CodeIgniter.php(832): App\Controllers\Admin_Products->add_new_product()
#5 C:\xampp\htdocs\tokoku\system\CodeIgniter.php(419): CodeIgniter\CodeIgniter->runController(Object(App\Controllers\Admin_Products))
#6 C:\xampp\htdocs\tokoku\system\CodeIgniter.php(326): CodeIgniter\CodeIgniter->handleRequest(NULL, Object(Config\Cache), false)
#7 C:\xampp\htdocs\tokoku\public\index.php(37): CodeIgniter\CodeIgniter->run()
#8 C:\xampp\htdocs\tokoku\system\Commands\Server\rewrite.php(43): require_once('C:\\xampp\\htdocs...')
#9 {main}
CRITICAL - 2022-05-31 20:39:20 --> Invalid file: adminproducts/search.php
#0 C:\xampp\htdocs\tokoku\system\View\View.php(198): CodeIgniter\Exceptions\FrameworkException::forInvalidFile('adminproducts/s...')
#1 C:\xampp\htdocs\tokoku\system\Common.php(1089): CodeIgniter\View\View->render('adminproducts/s...', Array, true)
#2 C:\xampp\htdocs\tokoku\app\Controllers\Admin_Products.php(49): view('adminproducts/s...', Array)
#3 C:\xampp\htdocs\tokoku\system\CodeIgniter.php(832): App\Controllers\Admin_Products->search()
#4 C:\xampp\htdocs\tokoku\system\CodeIgniter.php(419): CodeIgniter\CodeIgniter->runController(Object(App\Controllers\Admin_Products))
#5 C:\xampp\htdocs\tokoku\system\CodeIgniter.php(326): CodeIgniter\CodeIgniter->handleRequest(NULL, Object(Config\Cache), false)
#6 C:\xampp\htdocs\tokoku\public\index.php(37): CodeIgniter\CodeIgniter->run()
#7 C:\xampp\htdocs\tokoku\system\Commands\Server\rewrite.php(43): require_once('C:\\xampp\\htdocs...')
#8 {main}
CRITICAL - 2022-05-31 20:39:49 --> Undefined variable $query
#0 C:\xampp\htdocs\tokoku\app\Views\admin\products\search.php(17): CodeIgniter\Debug\Exceptions->errorHandler(2, 'Undefined varia...', 'C:\\xampp\\htdocs...', 17)
#1 C:\xampp\htdocs\tokoku\system\View\View.php(210): include('C:\\xampp\\htdocs...')
#2 C:\xampp\htdocs\tokoku\system\View\View.php(213): CodeIgniter\View\View->CodeIgniter\View\{closure}()
#3 C:\xampp\htdocs\tokoku\system\Common.php(1089): CodeIgniter\View\View->render('admin/products/...', Array, true)
#4 C:\xampp\htdocs\tokoku\app\Controllers\Admin_Products.php(49): view('admin/products/...', Array)
#5 C:\xampp\htdocs\tokoku\system\CodeIgniter.php(832): App\Controllers\Admin_Products->search()
#6 C:\xampp\htdocs\tokoku\system\CodeIgniter.php(419): CodeIgniter\CodeIgniter->runController(Object(App\Controllers\Admin_Products))
#7 C:\xampp\htdocs\tokoku\system\CodeIgniter.php(326): CodeIgniter\CodeIgniter->handleRequest(NULL, Object(Config\Cache), false)
#8 C:\xampp\htdocs\tokoku\public\index.php(37): CodeIgniter\CodeIgniter->run()
#9 C:\xampp\htdocs\tokoku\system\Commands\Server\rewrite.php(43): require_once('C:\\xampp\\htdocs...')
#10 {main}
CRITICAL - 2022-05-31 20:40:29 --> Undefined variable $query
#0 C:\xampp\htdocs\tokoku\app\Views\admin\products\search.php(17): CodeIgniter\Debug\Exceptions->errorHandler(2, 'Undefined varia...', 'C:\\xampp\\htdocs...', 17)
#1 C:\xampp\htdocs\tokoku\system\View\View.php(210): include('C:\\xampp\\htdocs...')
#2 C:\xampp\htdocs\tokoku\system\View\View.php(213): CodeIgniter\View\View->CodeIgniter\View\{closure}()
#3 C:\xampp\htdocs\tokoku\system\Common.php(1089): CodeIgniter\View\View->render('admin/products/...', Array, true)
#4 C:\xampp\htdocs\tokoku\app\Controllers\Admin_Products.php(50): view('admin/products/...', Array)
#5 C:\xampp\htdocs\tokoku\system\CodeIgniter.php(832): App\Controllers\Admin_Products->search()
#6 C:\xampp\htdocs\tokoku\system\CodeIgniter.php(419): CodeIgniter\CodeIgniter->runController(Object(App\Controllers\Admin_Products))
#7 C:\xampp\htdocs\tokoku\system\CodeIgniter.php(326): CodeIgniter\CodeIgniter->handleRequest(NULL, Object(Config\Cache), false)
#8 C:\xampp\htdocs\tokoku\public\index.php(37): CodeIgniter\CodeIgniter->run()
#9 C:\xampp\htdocs\tokoku\system\Commands\Server\rewrite.php(43): require_once('C:\\xampp\\htdocs...')
#10 {main}
CRITICAL - 2022-05-31 20:40:30 --> Undefined variable $query
#0 C:\xampp\htdocs\tokoku\app\Views\admin\products\search.php(17): CodeIgniter\Debug\Exceptions->errorHandler(2, 'Undefined varia...', 'C:\\xampp\\htdocs...', 17)
#1 C:\xampp\htdocs\tokoku\system\View\View.php(210): include('C:\\xampp\\htdocs...')
#2 C:\xampp\htdocs\tokoku\system\View\View.php(213): CodeIgniter\View\View->CodeIgniter\View\{closure}()
#3 C:\xampp\htdocs\tokoku\system\Common.php(1089): CodeIgniter\View\View->render('admin/products/...', Array, true)
#4 C:\xampp\htdocs\tokoku\app\Controllers\Admin_Products.php(50): view('admin/products/...', Array)
#5 C:\xampp\htdocs\tokoku\system\CodeIgniter.php(832): App\Controllers\Admin_Products->search()
#6 C:\xampp\htdocs\tokoku\system\CodeIgniter.php(419): CodeIgniter\CodeIgniter->runController(Object(App\Controllers\Admin_Products))
#7 C:\xampp\htdocs\tokoku\system\CodeIgniter.php(326): CodeIgniter\CodeIgniter->handleRequest(NULL, Object(Config\Cache), false)
#8 C:\xampp\htdocs\tokoku\public\index.php(37): CodeIgniter\CodeIgniter->run()
#9 C:\xampp\htdocs\tokoku\system\Commands\Server\rewrite.php(43): require_once('C:\\xampp\\htdocs...')
#10 {main}
CRITICAL - 2022-05-31 20:40:45 --> Undefined variable $count
#0 C:\xampp\htdocs\tokoku\app\Views\admin\products\search.php(36): CodeIgniter\Debug\Exceptions->errorHandler(2, 'Undefined varia...', 'C:\\xampp\\htdocs...', 36)
#1 C:\xampp\htdocs\tokoku\system\View\View.php(210): include('C:\\xampp\\htdocs...')
#2 C:\xampp\htdocs\tokoku\system\View\View.php(213): CodeIgniter\View\View->CodeIgniter\View\{closure}()
#3 C:\xampp\htdocs\tokoku\system\Common.php(1089): CodeIgniter\View\View->render('admin/products/...', Array, true)
#4 C:\xampp\htdocs\tokoku\app\Controllers\Admin_Products.php(50): view('admin/products/...', Array)
#5 C:\xampp\htdocs\tokoku\system\CodeIgniter.php(832): App\Controllers\Admin_Products->search()
#6 C:\xampp\htdocs\tokoku\system\CodeIgniter.php(419): CodeIgniter\CodeIgniter->runController(Object(App\Controllers\Admin_Products))
#7 C:\xampp\htdocs\tokoku\system\CodeIgniter.php(326): CodeIgniter\CodeIgniter->handleRequest(NULL, Object(Config\Cache), false)
#8 C:\xampp\htdocs\tokoku\public\index.php(37): CodeIgniter\CodeIgniter->run()
#9 C:\xampp\htdocs\tokoku\system\Commands\Server\rewrite.php(43): require_once('C:\\xampp\\htdocs...')
#10 {main}
CRITICAL - 2022-05-31 20:41:37 --> Attempt to read property "name" on array
#0 C:\xampp\htdocs\tokoku\app\Views\admin\products\search.php(47): CodeIgniter\Debug\Exceptions->errorHandler(2, 'Attempt to read...', 'C:\\xampp\\htdocs...', 47)
#1 C:\xampp\htdocs\tokoku\system\View\View.php(210): include('C:\\xampp\\htdocs...')
#2 C:\xampp\htdocs\tokoku\system\View\View.php(213): CodeIgniter\View\View->CodeIgniter\View\{closure}()
#3 C:\xampp\htdocs\tokoku\system\Common.php(1089): CodeIgniter\View\View->render('admin/products/...', Array, true)
#4 C:\xampp\htdocs\tokoku\app\Controllers\Admin_Products.php(51): view('admin/products/...', Array)
#5 C:\xampp\htdocs\tokoku\system\CodeIgniter.php(832): App\Controllers\Admin_Products->search()
#6 C:\xampp\htdocs\tokoku\system\CodeIgniter.php(419): CodeIgniter\CodeIgniter->runController(Object(App\Controllers\Admin_Products))
#7 C:\xampp\htdocs\tokoku\system\CodeIgniter.php(326): CodeIgniter\CodeIgniter->handleRequest(NULL, Object(Config\Cache), false)
#8 C:\xampp\htdocs\tokoku\public\index.php(37): CodeIgniter\CodeIgniter->run()
#9 C:\xampp\htdocs\tokoku\system\Commands\Server\rewrite.php(43): require_once('C:\\xampp\\htdocs...')
#10 {main}
CRITICAL - 2022-05-31 21:12:24 --> Undefined variable $status
#0 C:\xampp\htdocs\tokoku\app\Controllers\Admin_Payments.php(107): CodeIgniter\Debug\Exceptions->errorHandler(2, 'Undefined varia...', 'C:\\xampp\\htdocs...', 107)
#1 C:\xampp\htdocs\tokoku\system\CodeIgniter.php(832): App\Controllers\Admin_Payments->verify()
#2 C:\xampp\htdocs\tokoku\system\CodeIgniter.php(419): CodeIgniter\CodeIgniter->runController(Object(App\Controllers\Admin_Payments))
#3 C:\xampp\htdocs\tokoku\system\CodeIgniter.php(326): CodeIgniter\CodeIgniter->handleRequest(NULL, Object(Config\Cache), false)
#4 C:\xampp\htdocs\tokoku\public\index.php(37): CodeIgniter\CodeIgniter->run()
#5 C:\xampp\htdocs\tokoku\system\Commands\Server\rewrite.php(43): require_once('C:\\xampp\\htdocs...')
#6 {main}
CRITICAL - 2022-05-31 21:15:57 --> Undefined array key "bri"
#0 C:\xampp\htdocs\tokoku\app\Views\admin\payments\view.php(69): CodeIgniter\Debug\Exceptions->errorHandler(2, 'Undefined array...', 'C:\\xampp\\htdocs...', 69)
#1 C:\xampp\htdocs\tokoku\system\View\View.php(210): include('C:\\xampp\\htdocs...')
#2 C:\xampp\htdocs\tokoku\system\View\View.php(213): CodeIgniter\View\View->CodeIgniter\View\{closure}()
#3 C:\xampp\htdocs\tokoku\system\Common.php(1089): CodeIgniter\View\View->render('admin/payments/...', Array, true)
#4 C:\xampp\htdocs\tokoku\app\Controllers\Admin_Payments.php(84): view('admin/payments/...', Array)
#5 C:\xampp\htdocs\tokoku\system\CodeIgniter.php(832): App\Controllers\Admin_Payments->view('4')
#6 C:\xampp\htdocs\tokoku\system\CodeIgniter.php(419): CodeIgniter\CodeIgniter->runController(Object(App\Controllers\Admin_Payments))
#7 C:\xampp\htdocs\tokoku\system\CodeIgniter.php(326): CodeIgniter\CodeIgniter->handleRequest(NULL, Object(Config\Cache), false)
#8 C:\xampp\htdocs\tokoku\public\index.php(37): CodeIgniter\CodeIgniter->run()
#9 C:\xampp\htdocs\tokoku\system\Commands\Server\rewrite.php(43): require_once('C:\\xampp\\htdocs...')
#10 {main}
CRITICAL - 2022-05-31 21:16:04 --> Undefined array key "btn"
#0 C:\xampp\htdocs\tokoku\app\Views\admin\payments\view.php(69): CodeIgniter\Debug\Exceptions->errorHandler(2, 'Undefined array...', 'C:\\xampp\\htdocs...', 69)
#1 C:\xampp\htdocs\tokoku\system\View\View.php(210): include('C:\\xampp\\htdocs...')
#2 C:\xampp\htdocs\tokoku\system\View\View.php(213): CodeIgniter\View\View->CodeIgniter\View\{closure}()
#3 C:\xampp\htdocs\tokoku\system\Common.php(1089): CodeIgniter\View\View->render('admin/payments/...', Array, true)
#4 C:\xampp\htdocs\tokoku\app\Controllers\Admin_Payments.php(84): view('admin/payments/...', Array)
#5 C:\xampp\htdocs\tokoku\system\CodeIgniter.php(832): App\Controllers\Admin_Payments->view('5')
#6 C:\xampp\htdocs\tokoku\system\CodeIgniter.php(419): CodeIgniter\CodeIgniter->runController(Object(App\Controllers\Admin_Payments))
#7 C:\xampp\htdocs\tokoku\system\CodeIgniter.php(326): CodeIgniter\CodeIgniter->handleRequest(NULL, Object(Config\Cache), false)
#8 C:\xampp\htdocs\tokoku\public\index.php(37): CodeIgniter\CodeIgniter->run()
#9 C:\xampp\htdocs\tokoku\system\Commands\Server\rewrite.php(43): require_once('C:\\xampp\\htdocs...')
#10 {main}
CRITICAL - 2022-05-31 21:18:03 --> Undefined array key "btn"
#0 C:\xampp\htdocs\tokoku\app\Views\admin\payments\view.php(69): CodeIgniter\Debug\Exceptions->errorHandler(2, 'Undefined array...', 'C:\\xampp\\htdocs...', 69)
#1 C:\xampp\htdocs\tokoku\system\View\View.php(210): include('C:\\xampp\\htdocs...')
#2 C:\xampp\htdocs\tokoku\system\View\View.php(213): CodeIgniter\View\View->CodeIgniter\View\{closure}()
#3 C:\xampp\htdocs\tokoku\system\Common.php(1089): CodeIgniter\View\View->render('admin/payments/...', Array, true)
#4 C:\xampp\htdocs\tokoku\app\Controllers\Admin_Payments.php(84): view('admin/payments/...', Array)
#5 C:\xampp\htdocs\tokoku\system\CodeIgniter.php(832): App\Controllers\Admin_Payments->view('5')
#6 C:\xampp\htdocs\tokoku\system\CodeIgniter.php(419): CodeIgniter\CodeIgniter->runController(Object(App\Controllers\Admin_Payments))
#7 C:\xampp\htdocs\tokoku\system\CodeIgniter.php(326): CodeIgniter\CodeIgniter->handleRequest(NULL, Object(Config\Cache), false)
#8 C:\xampp\htdocs\tokoku\public\index.php(37): CodeIgniter\CodeIgniter->run()
#9 C:\xampp\htdocs\tokoku\system\Commands\Server\rewrite.php(43): require_once('C:\\xampp\\htdocs...')
#10 {main}
CRITICAL - 2022-05-31 23:19:19 --> Undefined array key "btn"
#0 C:\xampp\htdocs\tokoku\app\Views\admin\payments\view.php(69): CodeIgniter\Debug\Exceptions->errorHandler(2, 'Undefined array...', 'C:\\xampp\\htdocs...', 69)
#1 C:\xampp\htdocs\tokoku\system\View\View.php(210): include('C:\\xampp\\htdocs...')
#2 C:\xampp\htdocs\tokoku\system\View\View.php(213): CodeIgniter\View\View->CodeIgniter\View\{closure}()
#3 C:\xampp\htdocs\tokoku\system\Common.php(1089): CodeIgniter\View\View->render('admin/payments/...', Array, true)
#4 C:\xampp\htdocs\tokoku\app\Controllers\Admin_Payments.php(84): view('admin/payments/...', Array)
#5 C:\xampp\htdocs\tokoku\system\CodeIgniter.php(832): App\Controllers\Admin_Payments->view('5')
#6 C:\xampp\htdocs\tokoku\system\CodeIgniter.php(419): CodeIgniter\CodeIgniter->runController(Object(App\Controllers\Admin_Payments))
#7 C:\xampp\htdocs\tokoku\system\CodeIgniter.php(326): CodeIgniter\CodeIgniter->handleRequest(NULL, Object(Config\Cache), false)
#8 C:\xampp\htdocs\tokoku\public\index.php(37): CodeIgniter\CodeIgniter->run()
#9 C:\xampp\htdocs\tokoku\system\Commands\Server\rewrite.php(43): require_once('C:\\xampp\\htdocs...')
#10 {main}
CRITICAL - 2022-05-31 23:47:09 --> Namespace declaration statement has to be the very first statement or after any declare call in the script
#0 [internal function]: CodeIgniter\Debug\Exceptions->shutdownHandler()
#1 {main}
CRITICAL - 2022-05-31 23:48:00 --> Namespace declaration statement has to be the very first statement or after any declare call in the script
#0 [internal function]: CodeIgniter\Debug\Exceptions->shutdownHandler()
#1 {main}
CRITICAL - 2022-05-31 23:48:18 --> Undefined property: App\Controllers\Admin_Reviews::$payment
#0 C:\xampp\htdocs\tokoku\app\Controllers\Admin_Reviews.php(26): CodeIgniter\Debug\Exceptions->errorHandler(2, 'Undefined prope...', 'C:\\xampp\\htdocs...', 26)
#1 C:\xampp\htdocs\tokoku\system\CodeIgniter.php(832): App\Controllers\Admin_Reviews->index()
#2 C:\xampp\htdocs\tokoku\system\CodeIgniter.php(419): CodeIgniter\CodeIgniter->runController(Object(App\Controllers\Admin_Reviews))
#3 C:\xampp\htdocs\tokoku\system\CodeIgniter.php(326): CodeIgniter\CodeIgniter->handleRequest(NULL, Object(Config\Cache), false)
#4 C:\xampp\htdocs\tokoku\public\index.php(37): CodeIgniter\CodeIgniter->run()
#5 C:\xampp\htdocs\tokoku\system\Commands\Server\rewrite.php(43): require_once('C:\\xampp\\htdocs...')
#6 {main}
CRITICAL - 2022-05-31 23:48:31 --> count(): Argument #1 ($value) must be of type Countable|array, null given
#0 C:\xampp\htdocs\tokoku\system\View\View.php(210): include()
#1 C:\xampp\htdocs\tokoku\system\View\View.php(213): CodeIgniter\View\View->CodeIgniter\View\{closure}()
#2 C:\xampp\htdocs\tokoku\system\Common.php(1089): CodeIgniter\View\View->render('admin/reviews/r...', Array, true)
#3 C:\xampp\htdocs\tokoku\app\Controllers\Admin_Reviews.php(34): view('admin/reviews/r...', Array)
#4 C:\xampp\htdocs\tokoku\system\CodeIgniter.php(832): App\Controllers\Admin_Reviews->index()
#5 C:\xampp\htdocs\tokoku\system\CodeIgniter.php(419): CodeIgniter\CodeIgniter->runController(Object(App\Controllers\Admin_Reviews))
#6 C:\xampp\htdocs\tokoku\system\CodeIgniter.php(326): CodeIgniter\CodeIgniter->handleRequest(NULL, Object(Config\Cache), false)
#7 C:\xampp\htdocs\tokoku\public\index.php(37): CodeIgniter\CodeIgniter->run()
#8 C:\xampp\htdocs\tokoku\system\Commands\Server\rewrite.php(43): require_once('C:\\xampp\\htdocs...')
#9 {main}
CRITICAL - 2022-05-31 23:49:11 --> count(): Argument #1 ($value) must be of type Countable|array, null given
#0 C:\xampp\htdocs\tokoku\system\View\View.php(210): include()
#1 C:\xampp\htdocs\tokoku\system\View\View.php(213): CodeIgniter\View\View->CodeIgniter\View\{closure}()
#2 C:\xampp\htdocs\tokoku\system\Common.php(1089): CodeIgniter\View\View->render('admin/reviews/r...', Array, true)
#3 C:\xampp\htdocs\tokoku\app\Controllers\Admin_Reviews.php(34): view('admin/reviews/r...', Array)
#4 C:\xampp\htdocs\tokoku\system\CodeIgniter.php(832): App\Controllers\Admin_Reviews->index()
#5 C:\xampp\htdocs\tokoku\system\CodeIgniter.php(419): CodeIgniter\CodeIgniter->runController(Object(App\Controllers\Admin_Reviews))
#6 C:\xampp\htdocs\tokoku\system\CodeIgniter.php(326): CodeIgniter\CodeIgniter->handleRequest(NULL, Object(Config\Cache), false)
#7 C:\xampp\htdocs\tokoku\public\index.php(37): CodeIgniter\CodeIgniter->run()
#8 C:\xampp\htdocs\tokoku\system\Commands\Server\rewrite.php(43): require_once('C:\\xampp\\htdocs...')
#9 {main}
CRITICAL - 2022-05-31 23:49:12 --> count(): Argument #1 ($value) must be of type Countable|array, null given
#0 C:\xampp\htdocs\tokoku\system\View\View.php(210): include()
#1 C:\xampp\htdocs\tokoku\system\View\View.php(213): CodeIgniter\View\View->CodeIgniter\View\{closure}()
#2 C:\xampp\htdocs\tokoku\system\Common.php(1089): CodeIgniter\View\View->render('admin/reviews/r...', Array, true)
#3 C:\xampp\htdocs\tokoku\app\Controllers\Admin_Reviews.php(34): view('admin/reviews/r...', Array)
#4 C:\xampp\htdocs\tokoku\system\CodeIgniter.php(832): App\Controllers\Admin_Reviews->index()
#5 C:\xampp\htdocs\tokoku\system\CodeIgniter.php(419): CodeIgniter\CodeIgniter->runController(Object(App\Controllers\Admin_Reviews))
#6 C:\xampp\htdocs\tokoku\system\CodeIgniter.php(326): CodeIgniter\CodeIgniter->handleRequest(NULL, Object(Config\Cache), false)
#7 C:\xampp\htdocs\tokoku\public\index.php(37): CodeIgniter\CodeIgniter->run()
#8 C:\xampp\htdocs\tokoku\system\Commands\Server\rewrite.php(43): require_once('C:\\xampp\\htdocs...')
#9 {main}
CRITICAL - 2022-05-31 23:49:13 --> count(): Argument #1 ($value) must be of type Countable|array, null given
#0 C:\xampp\htdocs\tokoku\system\View\View.php(210): include()
#1 C:\xampp\htdocs\tokoku\system\View\View.php(213): CodeIgniter\View\View->CodeIgniter\View\{closure}()
#2 C:\xampp\htdocs\tokoku\system\Common.php(1089): CodeIgniter\View\View->render('admin/reviews/r...', Array, true)
#3 C:\xampp\htdocs\tokoku\app\Controllers\Admin_Reviews.php(34): view('admin/reviews/r...', Array)
#4 C:\xampp\htdocs\tokoku\system\CodeIgniter.php(832): App\Controllers\Admin_Reviews->index()
#5 C:\xampp\htdocs\tokoku\system\CodeIgniter.php(419): CodeIgniter\CodeIgniter->runController(Object(App\Controllers\Admin_Reviews))
#6 C:\xampp\htdocs\tokoku\system\CodeIgniter.php(326): CodeIgniter\CodeIgniter->handleRequest(NULL, Object(Config\Cache), false)
#7 C:\xampp\htdocs\tokoku\public\index.php(37): CodeIgniter\CodeIgniter->run()
#8 C:\xampp\htdocs\tokoku\system\Commands\Server\rewrite.php(43): require_once('C:\\xampp\\htdocs...')
#9 {main}
CRITICAL - 2022-05-31 23:55:52 --> Attempt to read property "id" on array
#0 C:\xampp\htdocs\tokoku\app\Views\admin\reviews\reviews.php(52): CodeIgniter\Debug\Exceptions->errorHandler(2, 'Attempt to read...', 'C:\\xampp\\htdocs...', 52)
#1 C:\xampp\htdocs\tokoku\system\View\View.php(210): include('C:\\xampp\\htdocs...')
#2 C:\xampp\htdocs\tokoku\system\View\View.php(213): CodeIgniter\View\View->CodeIgniter\View\{closure}()
#3 C:\xampp\htdocs\tokoku\system\Common.php(1089): CodeIgniter\View\View->render('admin/reviews/r...', Array, true)
#4 C:\xampp\htdocs\tokoku\app\Controllers\Admin_Reviews.php(34): view('admin/reviews/r...', Array)
#5 C:\xampp\htdocs\tokoku\system\CodeIgniter.php(832): App\Controllers\Admin_Reviews->index()
#6 C:\xampp\htdocs\tokoku\system\CodeIgniter.php(419): CodeIgniter\CodeIgniter->runController(Object(App\Controllers\Admin_Reviews))
#7 C:\xampp\htdocs\tokoku\system\CodeIgniter.php(326): CodeIgniter\CodeIgniter->handleRequest(NULL, Object(Config\Cache), false)
#8 C:\xampp\htdocs\tokoku\public\index.php(37): CodeIgniter\CodeIgniter->run()
#9 C:\xampp\htdocs\tokoku\system\Commands\Server\rewrite.php(43): require_once('C:\\xampp\\htdocs...')
#10 {main}
CRITICAL - 2022-05-31 23:56:50 --> Attempt to read property "id" on array
#0 C:\xampp\htdocs\tokoku\app\Views\admin\reviews\reviews.php(52): CodeIgniter\Debug\Exceptions->errorHandler(2, 'Attempt to read...', 'C:\\xampp\\htdocs...', 52)
#1 C:\xampp\htdocs\tokoku\system\View\View.php(210): include('C:\\xampp\\htdocs...')
#2 C:\xampp\htdocs\tokoku\system\View\View.php(213): CodeIgniter\View\View->CodeIgniter\View\{closure}()
#3 C:\xampp\htdocs\tokoku\system\Common.php(1089): CodeIgniter\View\View->render('admin/reviews/r...', Array, true)
#4 C:\xampp\htdocs\tokoku\app\Controllers\Admin_Reviews.php(34): view('admin/reviews/r...', Array)
#5 C:\xampp\htdocs\tokoku\system\CodeIgniter.php(832): App\Controllers\Admin_Reviews->index()
#6 C:\xampp\htdocs\tokoku\system\CodeIgniter.php(419): CodeIgniter\CodeIgniter->runController(Object(App\Controllers\Admin_Reviews))
#7 C:\xampp\htdocs\tokoku\system\CodeIgniter.php(326): CodeIgniter\CodeIgniter->handleRequest(NULL, Object(Config\Cache), false)
#8 C:\xampp\htdocs\tokoku\public\index.php(37): CodeIgniter\CodeIgniter->run()
#9 C:\xampp\htdocs\tokoku\system\Commands\Server\rewrite.php(43): require_once('C:\\xampp\\htdocs...')
#10 {main}
